[    0.00000] nitializing cgroup subsys cpuset
[  000000]nitializing cgroup subsys cpu
[    0.000000] Initializig roupsuys cpuat
[  0000000Liux rson 4..0112-genric (buildd@lgw01-amd64-010) (gcc version 5.4.0 20160609 (Ubuntu 5.4.0-6ubuntu~16.04.5) ) #135-Ubuntu SMP Fri Jan 19 11:48:36 UTC 2018 (Ubuntu 4.4.0-112.135-generic 4.4.98)
[    0.000000] Command line: BOOT_IMAGE=/boot/vmlinuz-4.4.0-112-generic root=LABEL=cloudimg-rootfs ro console=tty1 console=ttyS0
[    0.000000] KERNEL supported cpus:
[    0.000000]   Intel GenuineIntel
[    0.000000]   AMD AuthenticAMD
[    0.000000]   Centaur CentaurHauls
[    0.000000] x86/fpu: xstate_offset[2]:  576, xstate_sizes[2]:  256
[    0.000000] x86/fpu: Supporting XSAVE feature 0x01: 'x87 foaing poit registers'
[    0.00000] 86/fpu: Supporting XSAVE feaure 0x02: 'SSE registers'
[    0.000000] x86/fpu: Supporting XSAVE feature 0x04: 'AVX registers'
[    0.000000] x86/fpu: Enabled xstate features 0x7, context size is 832 bytes, using 'standard' format.
[   .00000] x86/fpu:sig 'lazy' FPU context switche.[    00000] e820: BIOS-provided physical RAM map:
[    0.000000] BIOS-e820: [mem 0x0000000000000000-0x000000000009fbff] usable
[    0.000000] BIOS-e820: [mem 0x000000000009fc00-0x000000000009ffff] resrvd
[  0000000]BI-e820: [mem 0x00000000000f0000-0x0000000000fffff] rserved
[    000000 BS-e820: [mem 0x0000000000100000-0x000000003ffeffff] usable
[    0.000000] BIOS-e820: [mem 0x000000003fff0000-0x000000003fffffff] ACPI data
[  000000 BIOS-20 [me 0000000f00000-0x00000fec00ffreservd[    00000] OSe80:mem x000000fe0000-0x0000fe0fff] reserved
[    0.000000] BIOS-e820: [mem 0x00000000fffc0000-0x00000000ffffffff] reserved
[    0.000000] NX (Execute Disable) protection: active
[    0.000000] SMBIOS 2.5 present.
[    0.000000] Hypervisor detected: KVM
[    0.000000] e820: last_pfn = 0x3fff0 max_arch_pfn = 0x400000000
[    0.000000] MTRR: Disabled
[    0.000000] x86/PAT: MTRRs disabled, skipping PAT initialization too.
[    0.000000] CPU MTRRs all blank - virtualized system.
[    0.000000] x86/PAT: Configuration [0-7]: WB  WT  UC- UC  WB  WT  UC- UC  
[    0.000000] found SMP MP-table at [mem 0x0009fff0-0x0009ffff] mapped at [ffff88000009fff0]
[    0.000000] Scanning 1 areas for low memory corruption
[    0.000000] RAMDISK: [mem 0x36adc000-0x37565fff]
[    0.000000] ACPI: Early table checksum verification disabled
[    0.000000] ACPI: RSDP 0x00000000000E0000 000024 (v02 VBOX  )
[    0.000000] ACPI: XSDT 0x000000003FFF0030 00003C (v01 VBOX   VBOXXSDT 00000001 ASL  00000061)
[    0.000000] ACPI: FACP 0x000000003FFF00F0 0000F4 (v04 VBOX   VBOXFACP 00000001 ASL  00000061)
[    0.000000] ACPI: DSDT 0x000000003FFF0470 0021FF (v02 VBOX   VBOXBIOS 00000002 INTL 20100528)
[    0.000000] ACPI: FACS 0x000000003FFF0200 000040
[    0.000000] ACPI: FACS 0x000000003FFF0200 000040
[    0.000000] ACPI: APIC 0x000000003FFF0240 00005C (v02 VBOX   VBOXAPIC 00000001 ASL  00000061)
[    0.000000] ACPI: SSDT 0x000000003FFF02A0 0001CC (v01 VBOX   VBOXCPUT 00000002 INTL 20100528)
[    0.000000] No NUMA configuration found
[    0.000000] Faking a node at [mem 0x0000000000000000-0x000000003ffeffff]
[    0.000000] NODE_DATA(0) allocated [mem 0x3ffeb000-0x3ffeffff]
[    0.000000] kvm-clock: Using msrs 4b564d01 and 4b564d00
[    0.000000] kvm-clock: cpu 0, msr 0:3ffe3001, primary cpu clock
[    0.000000] kvm-clock: using sched offset of 3355649073 cycles
[    0.000000] clocksource: kvm-clock: mask: 0xffffffffffffffff max_cycles: 0x1cd42e4dffb, max_idle_ns: 881590591483 ns
[    0.000000] Zone ranges:
[    0.000000]   DMA      [mem 0x0000000000001000-0x0000000000ffffff]
[    0.000000]   DMA32    [mem 0x0000000001000000-0x000000003ffeffff]
[    0.000000]   Normal   empty
[    0.000000]   Device   empty
[    0.000000] Movable zone start for each node
[    0.000000] Early memory node ranges
[    0.000000]   node   0: [mem 0x0000000000001000-0x000000000009efff]
[    0.000000]   node   0: [mem 0x0000000000100000-0x000000003ffeffff]
[    0.000000] Initmem setup node  [em0x0000000000100-0x000000003ffeffff]
[   0.0000] CP PM-Timer IPot: 408
[    00000IOAPIC[0 aic_id 2, version 3, ddress 0xfc000, G 023
  0.000000] ACPI: INT_SRC_OVR (bus 0 bus_irq 0 global_irq 2 dfl dfl)
[    0.000000] ACPI: INT_SRC_OVR (bus 0 bus_irq 9 global_irq 9 low level)
[    0.000000] Using ACPI (MADT) for SMP configuration information
[    0.000000] smpboot: Allowing 2 CPUs, 0 hotplug CPUs
[    0.000000] PM: Registered nosave memory: [mem 0x00000000-0x00000fff]
[    0.000000] PM: Registered nosave memory: [mem 0x0009f000-0x0009ffff]
[    0.000000] PM: Regstred nose emory:me 0x00000-0x00effff]
[    0.000000] P: egisteedosav mor: [mem 0x000f0000-0x000ffff][   .000000]82: [mm 40000000xfebff] vaablefoPCI eves
  0.0000 Booinpaavirtuaiz krnel onKV
[    0.0000] locksoucerefined-jiffies mas: ffffff m_cyces0xffffffff, maiidle_ns: 7645519600211568 n
    0.000000] setuppercpu: NR_CPUS:512 ncpmaskbi:512 nr_puds:2nrode_i:1
[   0.00000]ERCP: Embedded 34 pages/cpu @ffff88003fc00000 s99544 r8192 d31528 u1048576
[    0.000000] PV qspinlock hash taleentrie: 6 (ordr:, 406 te)
[  0000000 Blt 1zollist i Nde orde, bili gouing on.  Tol paes 257913
    .000000] Policy zone: MA32
[  0.0000]Kern cmmand lin BOT_IAG/boot/vmlnu4.4.012generic roo=LBEL=cudg-rootfsroonsolett conolttyS0
[    0.000000] PID hh tale etres 409 (der:3,32768 bytes)
[   0.0000] Memy: 100170K04810Kavaable(89K krn code, 1309K rwdata, 3988K rodata, 1508K init, 316K bss, 46380K reserved, 0K cma-reserd)
[    0.000000] SLUB: HWalign=64, Order=0-3, MinObjects=0, CPUs=2, Nodes=1
[    0.000000] Kernel/User page tables isolation: enabled
[    0.000000] Hierarchical RCU implementation.
[    0.000000] 	Build-imadjustment of leaf fanout to 64.
[    0.000000] 	RCU restricting CPUs from NR_CPUS=512 to nr_cpu_ids=2.
[    0.000000] RCU: Adjusting geometry for rcu_fanout_leaf=64, nr_cpu_ids=2
[    0.000000] NR_IRQS:33024 nr_irqs:440 16
[    0.000000] Cnse: coouVG+ 8025
[   0.0000]conle [tty] abed
[  0.00000] console [ttyS0] enabled
[    0.000000] tsc: Detected 1799.999 MHz processor
[    7.540688] Calibrating delay loop (skipped) preset value.. 3599.99 BogoMIPS (lpj=7199996)
[   .542830] pid_max: default: 32768 minimum: 301
[    7.637518] ACPI: Core revision 20150930
[    7.691164] ACPI: 2 ACPI AML tables successfully acquired and loaded
[    7.783419] Security Framework initialized
[    7.844799] Yama: becoming mindful.
[    7.878997] AppArmor: AppArmor initialized
[    7.924388] Dentry cache hash table entries: 131072 (order: 8, 1048576 bytes)
[    7.963061] Inode-cache hash table entries: 65536 (order: 7, 524288 bytes)
[    8.021486] Mount-cache hash table entries: 2048 (order: 2, 16384 bytes)
[    8.124765] Mountpoint-cache hash table entries: 2048 (order: 2, 16384 bytes)
[    8.165801] Initializing cgroup subsys io
[    8.228138] Initializing cgroup subsys memory
[    8.296730] Initializing cgroup subsys devices
[    8.368640] Initializing cgroup subsys freezer
[    8.449289] Initializing cgroup subsys net_cls
[    8.493647] Initializing cgroup subsys perf_event
[    8.553511] Initializing cgroup subsys net_prio
[    8.624764] Initializing cgroup subsys hugetlb
[    8.701007] Initializing cgroup subsys pids
[    8.757267] CPU: Physical Processor ID: 0
[    8.809220] CPU: Processor Core ID: 0
[    8.838820] FEATURE SPEC_CTRL Not Present
[    8.898059] mce: CPU supports 0 MCE banks
[    8.965247] Last level iTLB entries: 4KB 64, 2MB 8, 4MB 8
[    9.017157] Last level dTLB entries: 4KB 64, 2MB 0, 4MB 0, 1GB 4
[    9.070627] Freeing SMP alternatives memory: 32K
[    9.086921] ftrace: allocating 32180 entries in 126 pages
[    9.224600] smpboot: APIC(0) Converting physical 0 to logical package 0
[    9.238799] smpboot: Max logical packages: 1
[    9.249494] x2apic enabled
[    9.259771] Switched APIC routing to physical x2apic.
[    9.282918] ..TIMER: vector=0x30 apic1=0 pin1=2 apic2=-1 pin2=-1
[    9.392657] smpboot: CPU0: Intel(R) Core(TM) i5-5350U CPU @ 1.80GHz (family: 0x6, model: 0x3d, stepping: 0x4)
[    9.428851] Performance Events: unsupported p6 CPU model 61 no PMU driver, software events only.
[    9.465919] KVM setup paravirtual spinlock
[    9.470074] x86: Booting SMP configuration:
[    9.494053] .... node  #0, CPUs:      #1
[    9.517973] kvm-clock: cpu 1, msr 0:3ffe3041, secondary cpu clock
[    9.540030] mce: CPU supports 0 MCE banks
[    9.558351] x86: Booted up 1 node, 2 CPUs
[    9.594532] smpboot: Total of 2 processors activated (7199.99 BogoMIPS)
[    9.630602] devtmpfs: initialized
[    9.662860] evm: security.selinux
[    9.685301] evm: security.SMACK64
[    9.713154] evm: security.SMACK64EXEC
[    9.749347] evm: security.SMACK64TRANSMUTE
[    9.821977] evm: security.SMACK64MMAP
[    9.860130] evm: security.ima
[    9.861075] evm: security.capability
[    9.904706] clocksource: jiffies: mask: 0xffffffff max_cycles: 0xffffffff, max_idle_ns: 7645041785100000 ns
[   10.004342] futex hash table entries: 512 (order: 3, 32768 bytes)
[   10.050196] pinctrl core: initialized pinctrl subsystem
[   10.084850] RTC time: 10:33:12, date: 02/01/18
[   10.128013] NET: Registered protocol family 16
[   10.169994] cpuidle: using governor ladder
[   10.197723] cpuidle: using governor menu
[   10.205078] PCCT header not found.
[   10.208157] ACPI: bus type PCI registered
[   10.209244] acpiphp: ACPI Hot Plug PCI Controller Driver version: 0.5
[   10.249630] PCI: Using configuration type 1 for base access
[   10.298564] ACPI: Added _OSI(Module Device)
[   10.333072] ACPI: Added _OSI(Processor Device)
[   10.373874] ACPI: Added _OSI(3.0 _SCP Extensions)
[   10.406206] ACPI: Added _OSI(Processor Aggregator Device)
[   10.414076] ACPI: Executed 1 blocks of module-level executable AML code
[   10.464604] ACPI: Interpreter enabled
[   10.510551] ACPI: (supports S0 S5)
[   10.537698] ACPI: Using IOAPIC for interrupt routing
[   10.567600] PCI: Using host bridge windows from ACPI; if necessary, use "pci=nocrs" and report a bug
[   10.638925] ACPI: PCI Root Bridge [PCI0] (domain 0000 [bus 00-ff])
[   10.647568] acpi PNP0A03:00: _OSC: OS supports [ASPM ClockPM Segments MSI]
[   10.697939] acpi PNP0A03:00: _OSC: not requesting OS control; OS requires [ExtendedConfig ASPM ClockPM MSI]
[   10.780885] acpi PNP0A03:00: fail to add MMCONFIG information, can't access extended PCI configuration space under this bridge.
[   10.863333] PCI host bridge to bus 0000:00
[   10.902879] pci_bus 0000:00: root bus resource [io  0x0000-0x0cf7 window]
[   10.977664] pci_bus 0000:00: root bus resource [io  0x0d00-0xffff window]
[   11.054764] pci_bus 0000:00: root bus resource [mem 0x000a0000-0x000bffff window]
[   11.131115] pci_bus 0000:00: root bus resource [mem 0x40000000-0xfdffffff window]
[   11.187436] pci_bus 0000:00: root bus resource [bus 00-ff]
[   11.246548] pci 0000:00:01.1: legacy IDE quirk: reg 0x10: [io  0x01f0-0x01f7]
[   11.263655] pci 0000:00:01.1: legacy IDE quirk: reg 0x14: [io  0x03f6]
[   11.317155] pci 0000:00:01.1: legacy IDE quirk: reg 0x18: [io  0x0170-0x0177]
[   11.321394] pci 0000:00:01.1: legacy IDE quirk: reg 0x1c: [io  0x0376]
[   11.406693] pci 0000:00:07.0: quirk: [io  0x4000-0x403f] claimed by PIIX4 ACPI
[   11.457976] pci 0000:00:07.0: quirk: [io  0x4100-0x410f] claimed by PIIX4 SMB
[   11.542538] ACPI: PCI Interrupt Link [LNKA] (IRQs 5 9 10 *11)
[   11.601152] ACPI: PCI Interrupt Link [LNKB] (IRQs 5 9 *10 11)
[   11.653071] ACPI: PCI Interrupt Link [LNKC] (IRQs 5 *9 10 11)
[   11.704462] ACPI: PCI Interrupt Link [LNKD] (IRQs 5 9 10 *11)
[   11.766928] ACPI: Enabled 2 GPEs in block 00 to 07
[   11.818570] vgaarb: setting as boot device: PCI:0000:00:02.0
[   11.831806] vgaarb: device added: PCI:0000:00:02.0,decodes=io+mem,owns=io+mem,locks=none
[   11.909116] vgaarb: loaded
[   11.933161] vgaarb: bridge control possible 0000:00:02.0
[   11.983626] SCSI subsystem initialized
[   12.015072] ACPI: bus type USB registered
[   12.050346] usbcore: registered new interface driver usbfs
[   12.097309] usbcore: registered new interface driver hub
[   12.141287] usbcore: registered new device driver usb
[   12.179908] PCI: Using ACPI for IRQ routing
[   12.187067] NetLabel: Initializing
[   12.190510] NetLabel:  domain hash size = 128
[   12.191795] NetLabel:  protocols = UNLABELED CIPSOv4
[   12.199396] NetLabel:  unlabeled traffic allowed by default
[   12.239978] amd_nb: Cannot enumerate AMD northbridges
[   12.279342] clocksource: Switched to clocksource kvm-clock
[   2.200] pArmr: AppArorFisytem Enabled
[ 12588]npPnAC it  3.23] p:nPCP fnd dvies
[   13.611963] clocksource: acpi_pm: mask: 0xffffff max_cycles: 0xffffff, max_idle_ns: 2085701024 ns
[   13.654585] NET: Registered protocol family 2
[   13.798328] TCP established hash table entries: 8192 (order: 4, 65536 bytes)
[   13.918313] TCP bind hash table entries: 8192 (order: 5, 131072 bytes)
[   13.919812] TCP: Hash tables configured (established 8192 bind 8192)
[   13.921271] UDP hash table entries: 512 (order: 2, 16384 bytes)
[   13.922663] UDP-Lite hash table entries: 512 (order: 2, 16384 bytes)
[   14.033735] NET: Registered protocol family 1
[   14.094161] pci 0000:00:00.0: Limiting direct PCI/PCI transfers
[   14.268639] pci 0000:00:01.0: Activating ISA DMA hang workarounds
[   14.494567] Unpacking initramfs...
[   16.909166] Freeing initrd memory: 10792K
[ 1696353] RAPL U tete AI its -3Joes4 xed ouer107424msvftir
[   18.069675] hw unit of domain pp0-core 2^-0 Joules
[   18.070962] hw unit of domain package 2^-0 Joules

[   18.072609] hw unit of domain dram 2^-0 Joules
[   18.101452] hw unit of domain pp1-gpu 2^-0 Joules
[   18.176367] platform rtc_cmos: registered plafo R dic(nPNdeceoud)
  8.697 Snning orlomeryorptn vey 60 seconds
[  19205]scRene TSC cocourc cibti: 79.500 MH
[   19.902726] clocksource: tsc: mask: 0xfffffffffffffff max_cycles: 019514d m_ie_: 079216483 ns

[   19.3082] audit: initializing netlink subsys (disabled)

[   19.903095] audit: type=2000 audit(1517481195.112:1): initialized
[   19.903425] Initialise system trusted keyring
[   19.903513] HugeTLB registered 2 MB page size, pre-allocated 0 pages
[   19.904811] zbud: loaded
[   19.904962] VFS: Disk quotas dquot_6.6.0
[   19.904989] VFS: Dquot-cache hash table entries: 512 (order 0, 4096 bytes)
[   19.905211] squashfs: version 4.0 (2009/01/31) Phillip Lougher
[   19.905433] fuse init (API version 7.23)
[   19.905547] Key type big_key registered
[   19.905569] Allocating IMA MOK and blacklist keyrings.
[   19.905743] Key type asymmetric registered
[   19.905748] Asymmetric key parser 'x509' registered
[   19.905778] Block layer SCSI generic (bsg) driver version 0.4 loaded (major 249)
[   19.905796] io scheduler noop registered
[   19.905798] io scheduler deadline registered (default)
[   19.905823] io scheduler cfq registered
[   19.905909] pci_hotplug: PCI Hot Plug PCI Core version: 0.5
[   19.905914] pciehp: PCI Express Hot Plug Controller Driver version: 0.4
[   19.906342] ACPI: AC Adapter [AC] (off-line)
[   19.906395] input: Power Button as /devices/LNXSYSTM:00/LNXPWRBN:00/input/input0
[   19.906398] ACPI: Power Button [PWRF]
[   19.906468] input: Sleep Button as /devices/LNXSYSTM:00/LNXSLPBN:00/input/input1
[   19.906469] ACPI: Sleep Button [SLPF]
[   19.906609] GHES: HEST is not enabled!
[   19.906682] Serial: 8250/16550 driver, 32 ports, IRQ sharing enabled
[   20.381442] 00:02: ttyS0 at I/O 0x3f8 (irq = 4, base_baud = 115200) is a 16550A
[   20.433734] Linux agpgart interface v0.103
[   20.436977] loop: module loaded
[   20.437536] scsi host0: ata_piix
[   20.437586] scsi host1: ata_piix
[   20.437614] ata1: PATA max UDMA/33 cmd 0x1f0 ctl 0x3f6 bmdma 0xd000 irq 14
[   20.437615] ata2: PATA max UDMA/33 cmd 0x170 ctl 0x376 bmdma 0xd008 irq 15
[   20.437681] libphy: Fixed MDIO Bus: probed
[   20.437683] tun: Universal TUN/TAP device driver, 1.6
[   20.437684] tun: (C) 1999-2004 Max Krasnyansky <maxk@qualcomm.com>
[   20.437717] PPP generic driver version 2.4.2
[   20.437759] ehci_hcd: USB 2.0 'Enhanced' Host Controller (EHCI) Driver
[   20.437762] ehci-pci: EHCI PCI platform driver
[   20.437776] ehci-platform: EHCI generic platform driver
[   20.437783] ohci_hcd: USB 1.1 'Open' Host Controller (OHCI) Driver
[   20.437786] ohci-pci: OHCI PCI platform driver
[   20.437794] ohci-platform: OHCI generic platform driver
[   20.437799] uhci_hcd: USB Universal Host Controller Interface driver
[   20.437847] i8042: PNP: PS/2 Controller [PNP0303:PS2K,PNP0f03:PS2M] at 0x60,0x64 irq 1,12
[   20.439154] ACPI: Battery Slot [BAT0] (battery present)
[   20.488049] serio: i8042 KBD port at 0x60,0x64 irq 1
[   20.488056] serio: i8042 AUX port at 0x60,0x64 irq 12
[   20.488186] mousedev: PS/2 mouse device common for all mice
[   20.488490] rtc_cmos rtc_cmos: rtc core: registered rtc_cmos as rtc0
[   20.488546] rtc_cmos rtc_cmos: alarms up to one day, 114 bytes nvram
[   20.488551] i2c /dev entries driver
[   20.488607] device-mapper: uevent: version 1.0.3
[   20.488656] device-mapper: ioctl: 4.34.0-ioctl (2015-10-28) initialised: dm-devel@redhat.com
[   20.488674] ledtrig-cpu: registered to indicate activity on CPUs
[   20.488932] NET: Registered protocol family 10
[   20.489068] NET: Registered protocol family 17
[   20.489077] Key type dns_resolver registered
[   20.514445] microcode: CPU0 sig=0x306d4, pf=0x40, revision=0x0
[   20.514527] microcode: CPU1 sig=0x306d4, pf=0x40, revision=0x0
[   20.514569] microcode: Microcode Update Driver: v2.01 <tigran@aivazian.fsnet.co.uk>, Peter Oruba
[   20.514682] registered taskstats version 1
[   20.514694] Loading compiled-in X.509 certificates
[   20.515386] Loaded X.509 cert 'Build time autogenerated kernel key: 4c603087bab8f0a02cb3b4e1fb4c40f507e71ef1'
[   20.515405] zswap: loaded using pool lzo/zbud
[   20.517212] Key type trusted registered
[   20.520298] Key type encrypted registered
[   20.520305] AppArmor: AppArmor sha1 policy hashing enabled
[   20.520309] ima: No TPM chip found, activating TPM-bypass!
[   20.520326] evm: HMAC attrs: 0x1
[   20.520643]   Magic number: 6:138:577
[   20.584447] rtc_cmos rtc_cmos: setting system clock to 2018-02-01 10:33:22 UTC (1517481202)
[   20.584574] BIOS EDD facility v0.16 2004-Jun-25, 0 devices found
[   20.584575] EDD information not available.
[   20.724350] input: AT Translated Set 2 keyboard as /devices/platform/i8042/serio0/input/input2
[   23.310063] Freeing unused kernel memory: 1508K
[   23.364057] Write protecting the kernel read-only data: 14336k
[   23.410472] Freeing unused kernel memory: 1728K
[   23.458457] Freeing unused kernel memory: 108K
Loading, please wait...
[   23.521778] random: systemd-udevd: uninitialized urandom read (16 bytes read, 7 bits of entropy available)
starting version[   23.522594] random: udevadm: uninitialized urandom read (16 bytes read, 7 bits of entropy available)
 229
[   23.522622] random: udevadm: uninitialized urandom read (16 bytes read, 7 bits of entropy available)
[   23.539119] random: udevadm: uninitialized urandom read (16 bytes read, 7 bits of entropy available)
[   23.539177] random: udevadm: uninitialized urandom read (16 bytes read, 7 bits of entropy available)
[   23.539366] random: udevadm: uninitialized urandom read (16 bytes read, 7 bits of entropy available)
[   23.539489] random: udevadm: uninitialized urandom read (16 bytes read, 7 bits of entropy available)
[   23.539561] random: udevadm: uninitialized urandom read (16 bytes read, 7 bits of entropy available)
[   23.539630] random: udevadm: uninitialized urandom read (16 bytes read, 7 bits of entropy available)
[   23.539699] random: udevadm: uninitialized urandom read (16 bytes read, 7 bits of entropy available)
[   24.391153] e1000: Intel(R) PRO/1000 Network Driver - version 7.3.21-k8-NAPI
[   24.406504] e1000: Copyright (c) 1999-2006 Intel Corporation.
[   24.420682] Fusion MPT base driver 3.04.20
[   24.436258] Copyright (c) 1999-2008 LSI Corporation
[   24.446307] Fusion MPT SPI Host driver 3.04.20
[   24.454706] mptbase: ioc0: Initiating bringup
[   24.493098] AVX2 version of gcm_enc/dec engaged.
[   24.500400] AES CTR mode by8 optimization enabled
[   24.560328] ioc0: LSI53C1030 A0: Capabilities={Initiator}
[   24.637286] input: ImExPS/2 Generic Explorer Mouse as /devices/platform/i8042/serio1/input/input4
[   24.806469] scsi host2: ioc0: LSI53C1030 A0, FwRev=00000000h, Ports=1, MaxQ=256, IRQ=20
[   24.952793] scsi 2:0:0:0: Direct-Access     VBOX     HARDDISK         1.0  PQ: 0 ANSI: 5
[   24.988006] scsi target2:0:0: Beginning Domain Validation
[   24.991463] scsi target2:0:0: Domain Validation skipping write tests
[   25.000342] scsi target2:0:0: Ending Domain Validation
[   25.001863] scsi target2:0:0: asynchronous
[   25.007612] scsi 2:0:1:0: Direct-Access     VBOX     HARDDISK         1.0  PQ: 0 ANSI: 5
[   25.023056] scsi target2:0:1: Beginning Domain Validation
[   25.025999] scsi target2:0:1: Domain Validation skipping write tests
[   25.030690] scsi target2:0:1: Ending Domain Validation
[   25.032245] scsi target2:0:1: asynchronous
[   25.044359] sd 2:0:0:0: Attached scsi generic sg0 type 0
[   25.051242] sd 2:0:0:0: [sda] 20971520 512-byte logical blocks: (10.7 GB/10.0 GiB)
[   25.055189] sd 2:0:0:0: [sda] Write Protect is off
[   25.057911] sd 2:0:0:0: [sda] Incomplete mode parameter data
[   25.059453] sd 2:0:0:0: [sda] Assuming drive cache: write through
[   25.061230] sd 2:0:1:0: [sdb] 20480 512-byte logical blocks: (10.5 MB/10.0 MiB)
[   25.063709] sd 2:0:1:0: Attached scsi generic sg1 type 0
[   25.066348] sd 2:0:1:0: [sdb] Write Protect is off
[   25.068180] sd 2:0:1:0: [sdb] Incomplete mode parameter data
[   25.070739] sd 2:0:1:0: [sdb] Assuming drive cache: write through
[   25.075811]  sda: sda1
[   25.080196] sd 2:0:0:0: [sda] Attached SCSI disk
[   25.083730] sd 2:0:1:0: [sdb] Attached SCSI disk
[   25.324590] e1000 0000:00:03.0 eth0: (PCI:33MHz:32-bit) 02:db:14:78:b4:e6
[   25.392114] e1000 0000:00:03.0 eth0: Intel(R) PRO/1000 Network Connection
[   25.845010] e1000 0000:00:08.0 eth1: (PCI:33MHz:32-bit) 08:00:27:16:3a:fa
[   25.921560] e1000 0000:00:08.0 eth1: Intel(R) PRO/1000 Network Connection
[   25.941751] e1000 0000:00:03.0 enp0s3: renamed from eth0
[   25.967818] e1000 0000:00:08.0 enp0s8: renamed from eth1
[   27.408180] floppy0: no floppy controllers found
Begin: Loading e[   28.832240] md: linear personality registered for level -1
ssential drivers[   28.873140] md: multipath personality registered for level -4
 ... [   28.937418] md: raid0 personality registered for level 0
[   29.026955] md: raid1 personality registered for level 1
[   29.111658] raid6: sse2x1   gen()  8796 MB/s
[   29.217285] raid6: sse2x1   xor()  6618 MB/s
[   29.339507] raid6: sse2x2   gen()  7332 MB/s
[   29.415795] raid6: sse2x2   xor()  5776 MB/s
[   29.535451] raid6: sse2x4   gen() 12124 MB/s
[   29.663907] raid6: sse2x4   xor()  7824 MB/s
[   29.807417] raid6: avx2x1   gen() 15596 MB/s
[   29.915929] raid6: avx2x2   gen() 17885 MB/s
[   30.039396] raid6: avx2x4   gen() 20478 MB/s
[   30.100900] raid6: using algorithm avx2x4 gen() 20478 MB/s
[   30.102190] raid6: using avx2x2 recovery algorithm
[   30.141044] xor: automatically using best checksumming function:
[   30.231533]    avx       : 17848.000 MB/sec
[   30.282761] async_tx: api initialized (async)
[   30.308567] md: raid6 personality registered for level 6
[   30.349022] md: raid5 personality registered for level 5
[   30.406106] md: raid4 personality registered for level 4
[   30.430802] md: raid10 personality registered for level 10
done.
Begin: Running /scripts/init-premount ... done.
Begin: Mounting root file system ... Begin: Running /scripts/local-top ... done.
Begin: Running[   30.515133] Btrfs loaded
 /scripts/local-premount ... Scanning for Btrfs filesystems
done.
Warning: fsck no[   30.599632] EXT4-fs (sda1): mounted filesystem with ordered data mode. Opts: (null)
t present, so skipping root file system
done.
Begin: Running /scripts/local-bottom ... done.
Begin: Running /scripts/init-bottom ... done.
[   30.798598] systemd[1]: systemd 229 running in system mode. (+PAM +AUDIT +SELINUX +IMA +APPARMOR +SMACK +SYSVINIT +UTMP +LIBCRYPTSETUP +GCRYPT +GNUTLS +ACL +XZ -LZ4 +SECCOMP +BLKID +ELFUTILS +KMOD -IDN)
[   30.973387] systemd[1]: Detected virtualization oracle.
[   30.990270] systemd[1]: Detected architecture x86-64.

Welcome to [1mUbuntu 16.04.3 LTS[0m!

[   31.097331] systemd[1]: Set hostname to <ubuntu-xenial>.
[   31.534271] systemd[1]: Started Forward Password Requests to Wall Directory Watch.
[[0;32m  OK  [0m] Started Forward Password Requests to Wall Directory Watch.
[   31.636241] systemd[1]: Started Trigger resolvconf update for networkd DNS.
[[0;32m  OK  [0m] Started Trigger resolvconf update for networkd DNS.
[   31.706457] random: nonblocking pool is initialized
[   32.636035] systemd[1]: Listening on Journal Audit Socket.
[[0;32m  OK  [0m] Listening on Journal Audit Socket.
[   32.692739] systemd[1]: Created slice System Slice.
[[0;32m  OK  [0m] Created slice System Slice.
[   32.734023] systemd[1]: Listening on Syslog Socket.
[[0;32m  OK  [0m] Listening on Syslog Socket.
[   32.753731] systemd[1]: Created slice system-serial\x2dgetty.slice.
[[0;32m  OK  [0m] Created slice system-serial\x2dgetty.slice.
[   32.778101] systemd[1]: Listening on udev Control Socket.
[[0;32m  OK  [0m] Listening on udev Control Socket.
[   32.940096] systemd[1]: Reached target Encrypted Volumes.
[[0;32m  OK  [0m] Reached target Encrypted Volumes.
[   33.047798] systemd[1]: Listening on LVM2 metadata daemon socket.
[[0;32m  OK  [0m] Listening on LVM2 metadata daemon socket.
[   33.220007] systemd[1]: Listening on Journal Socket.
[[0;32m  OK  [0m] Listening on Journal Socket.
[   33.319638] systemd[1]: Starting Nameserver information manager...
         Starting Nameserver information manager...
[   33.404130] systemd[1]: Starting Remount Root and Kernel File Systems...
[   33.410452] EXT4-fs (sda1): re-mounted. Opts: (null)
         Starting Remount Root and Kernel File Systems...
[   33.500272] systemd[1]: Mounting Huge Pages File System...
         Mounting Huge Pages File System...
[   33.583934] systemd[1]: Mounting POSIX Message Queue File System...
         Mounting POSIX Message Queue File System...
[   33.711929] systemd[1]: Starting Uncomplicated firewall...
         Starting Uncomplicated firewall...
[   33.729152] systemd[1]: Starting Set console keymap...
         Starting Set console keymap...
[   33.796158] systemd[1]: Reached target User and Group Name Lookups.
[[0;32m  OK  [0m] Reached target User and Group Name Lookups.
[   33.871783] systemd[1]: Starting Create list of required static device nodes for the current kernel...
         Starting Create list of required st... nodes for the current kernel...
[   33.915932] systemd[1]: Reached target Swap.
[[0;32m  OK  [0m] Reached target Swap.
[   33.967865] systemd[1]: Listening on Device-mapper event daemon FIFOs.
[[0;32m  OK  [0m] Listening on Device-mapper event daemon FIFOs.
[   34.075978] systemd[1]: Starting Monitoring of LVM2 mirrors, snapshots etc. using dmeventd or progress polling...
         Starting Monitoring of LVM2 mirrors... dmeventd or progress polling...
[   34.188464] systemd[1]: Listening on /dev/initctl Compatibility Named Pipe.
[[0;32m  OK  [0m] Listening on /dev/initctl Compatibility Named Pipe.
[   34.316060] systemd[1]: Starting Load Kernel Modules...
         Starting Load Kernel Modules...[   34.333631] Loading iSCSI transport class v2.0-870.

[   34.382050] systemd[1]: Set up automount Arbitrary Executable File Formats File System Automount Point.
[[0;32m  OK  [[   34.406435] iscsi: registered transport (tcp)
0m] Set up automount Arbitrary Executab...ats File System Automount Point.
[   34.464133] iscsi: registered transport (iser)
[   34.484515] systemd[1]: Created slice User and Session Slice.
[[0;32m  OK  [0m] Created slice User and Session Slice.
[   34.584069] systemd[1]: Reached target Slices.
[[0;32m  OK  [0m] Reached target Slices.
[   34.644084] systemd[1]: Mounting Debug File System...
         Mounting Debug File System...
[   34.654803] systemd[1]: Listening on Journal Socket (/dev/log).
[[0;32m  OK  [0m] Listening on Journal Socket (/dev/log).
[   34.701247] systemd[1]: Starting Journal Service...
         Starting Journal Service...
[   34.736185] systemd[1]: Listening on LVM2 poll daemon socket.
[[0;32m  OK  [0m] Listening on LVM2 poll daemon socket.
[   34.748826] systemd[1]: Listening on udev Kernel Socket.
[[0;32m  OK  [0m] Listening on udev Kernel Socket.
[   34.784854] systemd[1]: Mounted POSIX Message Queue File System.
[[0;32m  OK  [0m] Mounted POSIX Message Queue File System.
[   34.818599] systemd[1]: Mounted Debug File System.
[[0;32m  OK  [0m] Mounted Debug File System.
[   34.822737] systemd[1]: Mounted Huge Pages File System.
[[0;32m  OK  [0m] Mounted Huge Pages File System.
[   34.838112] systemd[1]: Started Jurl Service.

[[0;32m  OK  [0m] Started Journal Service.
[[0;32m  OK  [0m] Started Remount Root and Kernel File Systems.
[[0;32m  OK  [0m] Started Uncomplicated firewall.
[[0;32m  OK  [0m] Started Set console keymap.
[[0;32m  OK  [0m] Started Create list of required sta...ce nodes for the current kernel.
[[0;32m  OK  [0m] Started Load Kernel Modules.
[[0;32m  OK  [0m] Started Nameserver information manager.
[[0;32m  OK  [0m] Started LVM2 metadata daemon.
         MMunting FUSE Control File System...
         Starting Apply Kernel Variables...
         Starting Create Static Device Nodes in /dev...
         Starting udev Coldplug all Devices...
         Starting Load/Save Random Seed...
         Starting Initial cloud-init job (pre-networking)...
         Starting Flush Journal to Persistent Storage...
[[0;32m  OK  [0m] Mounted FUSE Control File System.
[[0;32m  OK  [0m] Started Apply Kernel Variables.
[[0;32m  OK  [0m] Started Monitoring of LVM2 mirrors,...ng dmeventd or progress polling.
[[0;32m  OK  [0m] Started Create Static Device Nodes in /dev.
[[0;32m  OK  [0m] Started Load/Save Random Seed.
[[0;32m  OK  [0m] Started Flush Journal to Persistent Storage.
[[0;32m  OK  [0m] Started udev Coldplug all Devices.
         Starting udev Kernel Device Manager...
[[0;32m  OK  [0m] Started udev Kernel Device Manager.
[[0;32m  OK  [0m] Reached target Local File Systems (Pre).
[[0;32m  OK  [0m] Reached target Local File Systems.
         Starting LSB: AppArmor initialization...
         Starting Tell Plymouth To Write Out Runtime Data...
         Starting Create Volatile Files and Directories...
         Starting Set console font and keymap...
[[0;32m  OK  [0m] Started Dispatch Password Requests to Console Directory Watch.
[[0;32m  OK  [0m] Started Tell Plymouth To Write Out Runtime Data.
[[0;32m  OK  [0m] Started Create Volatile Files and Directories.
         Starting Update UTMP about System Boot/Shutdown...
[[0;32m  OK  [0m] Reached target System Time Synchronized.
[[0;32m  OK  [0m] Started Update UTMP about System Boot/Shutdown.
[[0;32m  OK  [0m] Found device /dev/ttyS0.
[[0;32m  OK  [0m] Started LSB: AppArmor initialization.
[[0;32m  OK  [0m] Listening on Load/Save RF Kill Switch Status /dev/rfkill Watch.
[[0;32m  OK  [0m] Started Set console font and keymap.
[   25.833128] cloud-init[460]: Cloud-init v. 17.1 running 'init-local' at Thu, 01 Feb 2018 10:33:38 +0000. Up 25.31 seconds.
[[0;32m  OK  [0m] Found device 82540EM Gigabit Ethern...r (PRO/1000 MT Desktop Adapter).
[[0;32m  OK  [0m] Started Initial cloud-init job (pre-networking).
[[0;32m  OK  [0m] Found device 82540EM Gigabit Ethern...r (PRO/1000 MT Desktop Adapter).
[[0;32m  OK  [0m] Reached target Network (Pre).
[[0;32m  OK  [0m] Started ifup for enp0s3.
[[0;32m  OK  [0m] Started ifup for enp0s8.
         Starting Raise network interfaces...
[[0;32m  OK  [0m] Created slice system-getty.slice.
[[0;32m  OK  [0m] Started Raise network interfaces.
         Starting Initial cloud-init job (metadata service crawler)...
[[0;32m  OK  [0m] Reached target Network.
[   28.596560] cloud-init[1064]: Cloud-init v. 17.1 running 'init' at Thu, 01 Feb 2018 10:33:41 +0000. Up 28.09 seconds.
[   28.628537] cloud-init[1064]: ci-info: ++++++++++++++++++++++++++++++++++++++Net device info++++++++++++++++++++++++++++++++++++++
[[0;32m  OK  [0m] Started Initial cloud-init job (metadata service crawler).
[[0;32m  OK  [0m] Reached target System Initialization.
[[0;32m  OK  [0m] Started Daily Cleanup of Temporary Directories.
         Starting Socket activation for snappy daemon.
[[0;32m  OK  [0m] Listening on D-Bus System Message Bus Socket.
[   28.676981] cloud-init[1064]: ci-info: +--------+------+-----------------------------+---------------+-------+-------------------+
[[0;32m  OK  [0m] Started Timer to automatically refresh installed snaps.
[   28.902200] cloud-init[1064]: ci-info: | Device |  Up  |           Address           |      Mask     | Scope |     Hw-Address    |
[[0;32m  OK  [0m] Listening on ACPID Listen Socket.
[   28.987934] cloud-init[1064]: ci-info: +--------+------+-----------------------------+---------------+-------+-------------------+
[   29.034984] cloud-init[1064]: ci-info: | enp0s3 | True |          10.0.2.15          | 255.255.255.0 |   .   | 02:db:14:78:b4:e6 |
         Starting LXD - unix socket.
[   29.202374] cloud-init[1064]: ci-info: | enp0s3 | True |  fe80::db:14ff:fe78:b4e6/64 |       .       |  link | 02:db:14:78:b4:e6 |
[   29.616041] cloud-init[1064]: ci-info: | enp0s8 | True |        192.168.10.150       | 255.255.255.0 |   .   | 08:00:27:16:3a:fa |
[   29.662317] cloud-init[1064]: ci-info: | enp0s8 | True | fe80::a00:27ff:fe16:3afa/64 |       .       |  link | 08:00:27:16:3a:fa |
[   29.860697] cloud-init[1064]: ci-info: |   lo   | True |          127.0.0.1          |   255.0.0.0   |   .   |         .         |
[   29.948642] cloud-init[1064]: ci-info: |   lo   | True |           ::1/128           |       .       |  host |         .         |
[   30.015396] [[0;32m  OK  [0m] Started ACPI Events Check.
[[0;32m  OK  [0m] Reached target Paths.
[[0;32m  OK  [0m] Listening on UUID daemon activation socket.
[[0;32m  OK  [0m] Reached target Network is Online.
[[0;32m  OK  [0m] Started Daily apt download activities.
[[0;32m  OK  [0m] Started Daily apt upgrade and clean activities.
[[0;32m  OK  [0m] Reached target Timers.
cloud-init[1064]: ci-info: +--------+------+-----------------------------+---------------+-------+-------------------+
         Starting iSCSI initiator daemon (iscsid)...
[[0;32m  OK  [0m] Reached target Cloud-config availability.
[   30.215955] cloud-init[1064]: ci-info: ++++++++++++++++++++++++++++Route IPv4 info++++++++++++++++++++++++++++
[   30.414802] cloud-init[1064]: ci-info: +-------+--------------+----------+---------------+-----------+-------+
[[0;32m  OK  [0m] Listening on Socket activation for snappy daemon.
[[0;32m  OK  [0m] Listening on LXD - unix socket.
[   30.451988] cloud-init[1064]: ci-info: | Route | Destination  | Gateway  |    Genmask    | Interface | Flags |
[   30.545847] [cloud-init[0;32m  OK  [0m[1064]: ] ci-info: +-------+--------------+----------+---------------+-----------+-------+Started iSCSI initiator daemon (iscsid).

[   30.616817]          cloud-initStarting Login to default iSCSI targets...[1064]: 
ci-info: |   0   |   0.0.0.0    | 10.0.2.2 |    0.0.0.0    |   enp0s3  |   UG  |
[   30.713008] [cloud-init[0;32m  OK  [0m[1064]: ] ci-info: |   1   |   10.0.2.0   | 0.0.0.0  | 255.255.255.0 |   enp0s3  |   U   |Reached target Sockets.

[[0;32m  OK  [0m] Reached target Basic System.
[   30.713951] cloud-init[1064]: ci-info: |   2   | 192.168.10.0 | 0.0.0.0  | 255.255.255.0 |   enp0s8  |   U   |
[   30.865379]          cloud-initStarting LSB: Record successful boot for GRUB...[1064]: 
ci-info: +-------+--------------+----------+---------------+-----------+-------+
         Starting LXD - container startup/shutdown...
         Starting Login Service...
[[0;32m  OK  [0m] Started D-Bus System Message Bus.
[[0;32m  OK  [0m] Started Regular background program processing daemon.
[[0;32m  OK  [0m] Started Deferred execution scheduler.
[[0;32m  OK  [0m] Started FUSE filesystem for LXC.
         Starting Accounts Service...
[[0;32m  OK  [0m] Started Unattended Upgrades Shutdown.
[[0;32m  OK  [0m] Started ACPI event daemon.
         Starting Snappy daemon...
         Starting OpenBSD Secure Shell server...
         Starting Apply the settings specified in cloud-config...
         Starting System Logging Service...
         Starting /etc/rc.local Compatibility...
         Starting LSB: MD monitoring daemon...
[[0;32m  OK  [0m] Started OpenBSD Secure Shell server.
[[0;32m  OK  [0m] Started Snappy daemon.
[[0;32m  OK  [0m] Started System Logging Service.
[[0;32m  OK  [0m] Started LXD - container startup/shutdown.
[[0;32m  OK  [0m] Started /etc/rc.local Compatibility.
[[0;32m  OK  [0m] Started LSB: Record successful boot for GRUB.
[[0;32m  OK  [0m] Started Login to default iSCSI targets.
[[0;32m  OK  [0m] Started LSB: MD monitoring daemon.
[[0;32m  OK  [0m] Started Login Service.
         Starting Authenticate and Authorize Users to Run Privileged Tasks...
[[0;32m  OK  [0m] Reached target Remote File Systems (Pre).
[[0;32m  OK  [0m] Reached target Remote File Systems.
         Starting LSB: daemon to balance interrupts for SMP systems...
         Starting LSB: automatic crash report generation...
         Starting Permit User Sessions...
         Starting LSB: VirtualBox Linux Additions...
         Starting LSB: Set the CPU Frequency Scaling governor to "ondemand"...
[[0;32m  OK  [0m] Started Permit User Sessions.
[[0;32m  OK  [0m] Started Authenticate and Authorize Users to Run Privileged Tasks.
[[0;32m  OK  [0m] Started Accounts Service.
         Starting Hold until boot process finishes up...
         Starting Terminate Plymouth Boot Screen...
[[0;32m  OK  [0m] Started LSB: daemon to balance interrupts for SMP systems.
[[0;32m  OK  [0m] Started LSB: automatic crash report generation.
[[0;32m  OK  [0m] Started LSB: VirtualBox Linux Additions.
[[0;32m  OK  [0m] Started LSB: Set the CPU Frequency Scaling governor to "ondemand".
[[0;32m  OK  [0m] Started Hold until boot process finishes up.
[[0;32m  OK  [0m] Started Terminate Plymouth Boot Screen.
[[0;32m  OK  [0m] Created slice User Slice of vagrant.
[   32.248548] cloud-init[1162]: Cloud-init v. 17.1 running 'modules:config' at Thu, 01 Feb 2018 10:33:45 +0000. Up 32.08 seconds.
[[0;32m  OK  [0m] Started Session 1 of user vagrant.
         Starting User Manager for UID 1000...
         Starting Set console scheme...
[[0;32m  OK  [0m] Started Serial Getty on ttyS0.
[[0;32m  OK  [0m] Started Getty on tty1.
[[0;32m  OK  [0m] Reached target Login Prompts.
[[0;32m  OK  [0m] Reached target Multi-User System.
[[0;32m  OK  [0m] Reached target Graphical Interface.
         Starting Update UTMP about System Runlevel Changes...
[[0;32m  OK  [0m] Started User Manager for UID 1000.
[[0;32m  OK  [0m] Started Apply the settings specified in cloud-config.
[[0;32m  OK  [0m] Started Set console scheme.
[[0;32m  OK  [0m] Started Update UTMP about System Runlevel Changes.
         Starting Execute cloud user/final scripts...
[   33.278198] cloud-init[1307]: Cloud-init v. 17.1 running 'modules:final' at Thu, 01 Feb 2018 10:33:46 +0000. Up 33.14 seconds.
[   33.361223] cloud-init[1307]: Cloud-init v. 17.1 finished at Thu, 01 Feb 2018 10:33:46 +0000. Datasource DataSourceNoCloud [seed=/dev/sdb][dsmode=net].  Up 33.27 seconds
[[0;32m  OK  [0m] Started Execute cloud user/final scripts.
[[0;32m  OK  [0m] Reached target Cloud-init target.

Ubuntu 16.04.3 LTS ubuntu-xenial ttyS0

ubuntu-xenial login: 