[    0.000000Initaling cgroup subsys cpuset
[    0.000000] Initializing cgroup subsys cpu
[    0.000000] Initializing cgroup subsys cpuacct
[    0.000000] Linux version 4.4.0-112-generic (buildd@lgw01-amd64-010) (gcc version 5.4.0 20160609 (Ubuntu 5.4.0-6ubuntu1~16.04.5) ) #135-Ubuntu SMP Fri Jan 19 11:48:36 UTC 2018 (Ubuntu 4.4.0-112.135-generic 4.4.98)
[    0.000000] Command line: BOOT_IMAGE=/boot/vmlinuz-4.4.0-112-generic root=LABEL=cloudimg-rootfs ro console=tty1 console=ttyS0[   .0000] KRNEL supported cpus:
[    0.000000]   Intel GenuineIntel
[    0.000000]   AMD AuthenticAM
[    0.0000]   CentaurCetaurHas[   0.0000] x86fp xstteffset[]:576, xtae_size[2  25
    0.000000 x/fpu:Suoring SA featre0x1: 'x8 floating point registers'
[    0.000000] x86/fpu: Supporting XSAVE feature 0x02: 'SSE registers'
[    0.000000] x86/fpu:upportin XVE fetu 0x04 'X egiser
[    0.000000] x86/fpu: Enabled xstate features 0x7, context size is 832 bytes, using 'standard' format.
[    0.000000] x86/fpu: Using 'lazy' FPU context switches.
[    0.000000] e820: BIOS-proided physical RAM map:
[    0.000000] BIOS-e820: [mem 0x0000000000000000-0x000000000009fbff] uabe
[    0.000000]BIOS-e820: [mem 0x000000000fc00-0x00000000fff] eserved
[    0.000000] BIOS-e820: [mem 0x00000000000f0000-0x00000000000fffff] reserved
[    0.000000] BIOS-e820: [mem 0x0000000000100000-0x000000003ffeffff] usab
    .000] BIOS-e820: [meem 00000003fff00-0x000000003fffffff] ACPI data
[    0.000000] BIOS-e820: [mem 0x00000000fec00000-0x00000000fec00fff] reserved
[    0.000000] BIOS-e820: [mem 0x00000000fee00000-0x00000000fee00fff] reserved
[    0.000000] BIOS-e820: [mem 0x00000000fffc0000-0x00000000ffffffff] reserved
[    0.000000] NX (Execute Disable) protection: active
[    0.000000] SMBIOS 2.5 present.
[    0.0000 Hypervisor detected: KVM
[    0.000000] e820: last_pfn = 0x3fff0 max_arch_pfn = 0x400000000
[    0.000000] MTRR: Disabled
[    0.000000] x86/T:MTRRs disle, skipping PAT initialization too.
[    0.000000] CPU MTRRs all bllank - virtualized system.
[    0.000000] x86/PAT: Configuration [0-7]: WB  WT  UC- UC  WB  WT  UC- UC  
[    0.000000] found SMP MP-table at [mem 0x0009fff0-0x0009ffff] mapped at [ffff88000009fff0]
[    0.000] Scanng  area fr ow memoy rruption
   0.000 RAMIS [mem0xadc000x37565fff]
[    0.000000] ACPI: Early table checksum verification disabled
[    0.000000] ACPI: RSDP 0x00000000000E0000 000024 (v02 VBOX  
[    .00000] ACPI: XT x000003FFF000 003C (v0VBX  VBXSDT 00000 ASL  00061)
[    00000]CPI: FACP 0x000000003FFF00F0 0000F4 (v04 VBOX   VBOXFACP 00000001 ASL  00000061)
[    0.000000]CP: DSDT 0x000003FFF0470 0021FF (v02 VBOX VBXBIOS 00000002 INTL 20100528)
[    00.0000 ACPI: FS x0000000FF200 000
[   0.0000] PI: FAS 000000003FFF0200 000040
[    0.000000] ACPI: APIC 0x000000003FFF0240 00005C (v02 VBOX   VBOXAPIC 00000001 ASL  000061)
[    0.000000] ACPI:SSDT 0x000000003FFF02A0 0001CC (v01 VBOX   VBOXCPUT 00000002 INTL 20100528)
[    0.000000] No NUMA configuration found
[    0.000000] Faking a node at [mem 0x0000000000000000-0x000000003ffeffff]
[    0.000000] NODE_DATA(0) allocated [mem 0x3ffeb000-0x3ffeffff]
[    0.000000] kvm-clock: Using msrs 4b564d01 and 4b564d00
[    0.00000] kvm-ock: u 0, msr 0:3ffe3001, priary cpulock   0.0000 kvm-clckusng sched offset of 3098390319 cycles
[    0.000000] clocksource:  kvmlok: mk:0xfffffffffff x_cycs:0x1cd44dfb, ax_idle_ns: 881590591483 ns
[    0.000000] Zone ranges
    0.0000  DMA   [mem 00000000000000x000000fffff]
[    0.000000]   DMA32    [mem 0x0000000001000000-0x000000003ffeffff]
[    .00000   Nrmal  empty
[   .00000  Device   empty
[    0.00000] Movable zone start for echode
  0.00000 Erly meornode raes
[   00000]   node  : [mem 00000000001000-0x000000000009efff]
[    0.000000]   node   0: [mem 0x0000000000100000-0x0000000ffefff
[    0.000000] Inme stunode0 me 0x0000000001000x0000000ffeffff]
[    0.000000] ACPI: PM-Timer IO Port: 0x4008
[    0.000000] IOAPIC[0]: apic_id 2, version 32, address 0xfec00000 GSI 0-23
[   0.000000] CP INT_C_VR(b 0bus_ir0 lob_iq 2 df d)
[  000000 API: INTRCOVR(b 0 bus_irq gobal_irq 9 low lvel)[    0.0000] UinACI MA) or SMPonfiguratio ioration
[   000000] smpbot: loing  Cs,0 hotplu Cs
[  .0000]M: Reisred ose memory [m 0x000000x0000ff
[   .00000] PM Risttred nsa mmory [m 0x0000-0x09fff][   .0000 PM:Resterednosve memoy:mem 0x00000-x0effff]
[    0.000000] PM: Registered nosave memory: [memx00f00000x0ffff]
  0.0000]820:[m 0x40000-0xfebfff]availab fr PCIdeces
[   000000]Bootig aravirtualized kernel on KVM
[    0.000000] clocksource: refined-jiffies: mask: 0xffffffff max_cycles: 0xffffffff, max_idle_ns: 7645519600211568 ns
[    0.000000] setup_percpu: NR_CPUS:512 nr_cpumask_bits:512 nr_cpu_ids:2 nr_node_ids:1
[    0.000000] PERCPU: Embedded 34 pages/cpu @ffff88003fc00000 s99544 r8192 d31528 u1048576
[    0.000000] PV qspinlock hash table entries: 256 (orde:  4096 bytes)
[    0.000000] Built1 nelis iNodeorr,mobitygruping on.  Total paes: 257913
   0.0000]Policyzo: DMA2[    0.000000] Kernel command line: BOOT_IMAGE/bot/vliz-4..012-gnec oot=BE=cloudimg-rootfs ro console=tty1 console=ttyS0
[    0.000000] PID hash table entries: 4096 (order: 3, 32768 bytes)
[    0.000000] Memory: 1001740K/1048120K available (8499K kerelode, 1309K rwdata, 3988K rodta, 1508 iit, 136K bss, 4380rerved, 0K c-rserved)[   .000] SLB: HWalign=64, Order=0-3, Minjects=, Us2, Nods=
[    0.00000] Kernel/User pag tbles isoation: enaled
  0.0000]Hierchcal RCU plmentation.
[    0.000000] 	Build-time adjustment of leaf fanout to 64.
[   00000] CUresticinCPUs fomR_CPUS51 to nr_cp_i=2.
  0.000000] RCU:Adusing gemey for cuanout_ea64, ncp_is=
[   0.000 NR_IQS3024nr_irq:440 16
[  0000000 Csole: olr GA+ 8025
[   .00000] conse ty1] naed
[  0.0000 csole[tS0] ebl
[    0.000000] tsc: Detected 1799.999 MHz processor
[   12.189017] Calibrating delay loop (skipped) preset value.. 3599.99 BogoMIPS (lpj=7199996)
[   12.312034] pid_max: default: 32768 minimum: 301
[   12.381924] ACPI: Core revision 20150930
[   12.457970] ACPI: 2 ACPI AML tables successfully acquired and loaded
[   12.473233] Security Framework initialized
[   12.488371] Yama: becoming mindful.
[   12.497539] AppArmor: AppArmor initialized
[   12.498757] Dentry cache hash table entries: 131072 (order: 8, 1048576 bytes)
[   12.575704] Inode-cache hash table entries: 65536 (order: 7, 524288 bytes)
[   12.597704] Mount-cache hash table entries: 2048 (order: 2, 16384 bytes)
[   12.635588] Mountpoint-cache hash table entries: 2048 (order: 2, 16384 bytes)
[   12.656829] Initializing cgroup subsys io
[   12.671553] Initializing cgroup subsys memory
[   12.680705] Initializing cgroup subsys devices
[   12.684475] Initializing cgroup subsys freezer
[   12.699207] Initializing cgroup subsys net_cls
[   12.704511] Initializing cgroup subsys perf_event
[   12.784417] Initializing cgroup subsys net_prio
[   12.854749] Initializing cgroup subsys hugetlb
[   12.917576] Initializing cgroup subsys pids
[   12.955096] CPU: Physical Processor ID: 0
[   13.025401] CPU: Processor Core ID: 0
[   13.079608] FEATURE SPEC_CTRL Not Present
[   13.096299] mce: CPU supports 0 MCE banks
[   13.164738] Last level iTLB entries: 4KB 64, 2MB 8, 4MB 8
[   13.235038] Last level dTLB entries: 4KB 64, 2MB 0, 4MB 0, 1GB 4
[   13.289748] Freeing SMP alternatives memory: 32K
[   13.341010] ftrace: allocating 32180 entries in 126 pages
[   13.483544] smpboot: APIC(0) Converting physical 0 to logical package 0
[   13.540209] smpboot: Max logical packages: 1
[   13.620981] x2apic enabled
[   13.664994] Switched APIC routing to physical x2apic.
[   13.686562] ..TIMER: vector=0x30 apic1=0 pin1=2 apic2=-1 pin2=-1
[   13.795262] smpboot: CPU0: Intel(R) Core(TM) i5-5350U CPU @ 1.80GHz (family: 0x6, model: 0x3d, stepping: 0x4)
[   13.805329] Performance Events: unsupported p6 CPU model 61 no PMU driver, software events only.
[   13.842458] KVM setup paravirtual spinlock
[   13.844844] x86: Booting SMP configuration:
[   13.864721] .... node  #0, CPUs:      #1
[   13.874780] kvm-clock: cpu 1, msr 0:3ffe3041, secondary cpu clock
[   13.902998] mce: CPU supports 0 MCE banks
[   13.909961] x86: Booted up 1 node, 2 CPUs
[   13.911403] smpboot: Total of 2 processors activated (7199.99 BogoMIPS)
[   13.914073] devtmpfs: initialized
[   13.931377] evm: security.selinux
[   13.963990] evm: security.SMACK64
[   13.987742] evm: security.SMACK64EXEC
[   14.011510] evm: security.SMACK64TRANSMUTE
[   14.036789] evm: security.SMACK64MMAP
[   14.037716] evm: security.ima
[   14.046015] evm: security.capability
[   14.069529] clocksource: jiffies: mask: 0xffffffff max_cycles: 0xffffffff, max_idle_ns: 7645041785100000 ns
[   14.097064] futex hash table entries: 512 (order: 3, 32768 bytes)
[   14.098705] pinctrl core: initialized pinctrl subsystem
[   14.122730] RTC time: 16:12:54, date: 01/29/18
[   14.124322] NET: Registered protocol family 16
[   14.137079] cpuidle: using governor ladder
[   14.164925] cpuidle: using governor menu
[   14.170873] PCCT header not found.
[   14.172079] ACPI: bus type PCI registered
[   14.173071] acpiphp: ACPI Hot Plug PCI Controller Driver version: 0.5
[   14.174625] PCI: Using configuration type 1 for base access
[   14.190114] ACPI: Added _OSI(Module Device)
[   14.211822] ACPI: Added _OSI(Processor Device)
[   14.229392] ACPI: Added _OSI(3.0 _SCP Extensions)
[   14.242336] ACPI: Added _OSI(Processor Aggregator Device)
[   14.255403] ACPI: Executed 1 blocks of module-level executable AML code
[   14.271044] ACPI: Interpreter enabled
[   14.291603] ACPI: (supports S0 S5)
[   14.352788] ACPI: Using IOAPIC for interrupt routing
[   14.392001] PCI: Using host bridge windows from ACPI; if necessary, use "pci=nocrs" and report a bug
[   14.451008] ACPI: PCI Root Bridge [PCI0] (domain 0000 [bus 00-ff])
[   14.507592] acpi PNP0A03:00: _OSC: OS supports [ASPM ClockPM Segments MSI]
[   14.588825] acpi PNP0A03:00: _OSC: not requesting OS control; OS requires [ExtendedConfig ASPM ClockPM MSI]
[   14.679057] acpi PNP0A03:00: fail to add MMCONFIG information, can't access extended PCI configuration space under this bridge.
[   14.725689] PCI host bridge to bus 0000:00
[   14.726706] pci_bus 0000:00: root bus resource [io  0x0000-0x0cf7 window]
[   14.792340] pci_bus 0000:00: root bus resource [io  0x0d00-0xffff window]
[   14.809151] pci_bus 0000:00: root bus resource [mem 0x000a0000-0x000bffff window]
[   14.812254] pci_bus 0000:00: root bus resource [mem 0x40000000-0xfdffffff window]
[   14.841503] pci_bus 0000:00: root bus resource [bus 00-ff]
[   14.886855] pci 0000:00:01.1: legacy IDE quirk: reg 0x10: [io  0x01f0-0x01f7]
[   14.964939] pci 0000:00:01.1: legacy IDE quirk: reg 0x14: [io  0x03f6]
[   15.005860] pci 0000:00:01.1: legacy IDE quirk: reg 0x18: [io  0x0170-0x0177]
[   15.045851] pci 0000:00:01.1: legacy IDE quirk: reg 0x1c: [io  0x0376]
[   15.119724] pci 0000:00:07.0: quirk: [io  0x4000-0x403f] claimed by PIIX4 ACPI
[   15.201131] pci 0000:00:07.0: quirk: [io  0x4100-0x410f] claimed by PIIX4 SMB
[   15.255739] ACPI: PCI Interrupt Link [LNKA] (IRQs 5 9 10 *11)
[   15.312752] ACPI: PCI Interrupt Link [LNKB] (IRQs 5 9 *10 11)
[   15.365469] ACPI: PCI Interrupt Link [LNKC] (IRQs 5 *9 10 11)
[   15.412206] ACPI: PCI Interrupt Link [LNKD] (IRQs 5 9 10 *11)
[   15.469910] ACPI: Enabled 2 GPEs in block 00 to 07
[   15.520362] vgaarb: setting as boot device: PCI:0000:00:02.0
[   15.533889] vgaarb: device added: PCI:0000:00:02.0,decodes=io+mem,owns=io+mem,locks=none
[   15.535876] vgaarb: loaded
[   15.536641] vgaarb: bridge control possible 0000:00:02.0
[   15.581478] SCSI subsystem initialized
[   15.624837] ACPI: bus type USB registered
[   15.655705] usbcore: registered new interface driver usbfs
[   15.668448] usbcore: registered new interface driver hub
[   15.695783] usbcore: registered new device driver usb
[   15.754633] PCI: Using ACPI for IRQ routing
[   15.803297] NetLabel: Initializing
[   15.844090] NetLabel:  domain hash size = 128
[   15.879223] NetLabel:  protocols = UNLABELED CIPSOv4
[   15.929666] NetLabel:  unlabeled traffic allowed by default
[   15.940477] amd_nb: Cannot enumerate AMD northbridges
[   15.961910] clocksource: Switched to clocksource kvm-clock
[   160264Aprm: pAorilysm abd  6.22] p:PnP PIni
[  10501pn P AI:ou 3eves
[   17.631862] clocksource: acpi_pm: mask: 0xffffff max_cycles: 0xffffff, max_idle_ns: 2085701024 ns
[   17.737222] NET: Registered protocol family 2
[   17.739849] TCP established hash table entries: 8192 (order: 4, 65536 bytes)
[   17.741584] TCP bind hash table entries: 8192 (order: 5, 131072 bytes)
[   17.767752] TCP: Hash tables configured (established 8192 bind 8192)
[   17.830113] UDP hash table entries: 512 (order: 2, 16384 bytes)
[   17.835588] UDP-Lite hash table entries: 512 (order: 2, 16384 bytes)
[   17.837056] NET: Registered protocol family 1
[   17.838126] pci 0000:00:00.0: Limiting direct PCI/PCI transfers
[   17.955062] pci 0000:00:01.0: Activating ISA DMA hang workarounds
[   18.109323] Unpacking initramfs...
[   20.001950] Freeing initrd memory: 10792K
[   20.024628] RAPL PMU detected, API unit is 2^-32 Joules, 4 fixed counters 10737418240 ms ovfl timer
[   20.042148] hw unit of domain pp0-core 2^-0 Joules
[   20.043284] hw unit of domain package 2^-0 Joules
[   20.044427] hw unit of domain dram 2^-0 Joules
[   20.045578] hw unit of domain pp1-gpu 2^-0 Joules
[   20.061801] platform rtc_cmos: registered platform RTC device (no PNP device found)
[   20.063744] Scanning for low memory corruption every 60 seconds
[   20.135519] audit: initializing netlink subsys (disabled)
[   20.228202] audit: type=2000 audit(1517242369.284:1): initialized
[   20.290299] Initialise system trusted keyring
[   20.329981] HugeTLB registered 2 MB page size, pre-allocated 0 pages
[   20.392643] zbud: loaded
[   20.399864] VFS: Disk quotas dquot_6.6.0
[   20.406394] VFS: Dquot-cache hash table entries: 512 (order 0, 4096 bytes)
[   20.432046] squashfs: version 4.0 (2009/01/31) Phillip Lougher
[   20.453436] fuse init (API version 7.23)
[   20.468966] Key type big_key registered
[   20.470207] Allocating IMA MOK and blacklist keyrings.
[   20.541317] Key type asymmetric registered
[   20.544324] Asymmetric key parser 'x509' registered
[   20.545358] Block layer SCSI generic (bsg) driver version 0.4 loaded (major 249)
[   20.582205] io scheduler noop registered
[   20.587296] io scheduler deadline registered (default)
[   20.590073] io scheduler cfq registered
[   20.654668] pci_hotplug: PCI Hot Plug PCI Core version: 0.5
[   20.746149] pciehp: PCI Express Hot Plug Controller Driver version: 0.4
[   20.817098] ACPI: AC Adapter [AC] (on-line)
[   20.864721] input: Power Button as /devices/LNXSYSTM:00/LNXPWRBN:00/input/input0
[   20.998653] ACPI: Power Button [PWRF]
[   21.034091] input: Sleep Button as /devices/LNXSYSTM:00/LNXSLPBN:00/input/input1
[   21.125961] tsc: Refined TSC clocksource calibration: 1800.680 MHz
[   21.228924] clocksource: tsc: mask: 0xffffffffffffffff max_cycles: 0x19f4abdd0b8, max_idle_ns: 440795217450 ns
[   21.228996] ACPI: Sleep Button [SLPF]
[   21.230311] ACPI: Battery Slot [BAT0] (battery present)
[   21.230352] GHES: HEST is not enabled!
[   21.329885] Serial: 8250/16550 driver, 32 ports, IRQ sharing enabled
[   21.399975] 00:02: ttyS0 at I/O 0x3f8 (irq = 4, base_baud = 115200) is a 16550A
[   21.446547] Linux agpgart interface v0.103
[   21.461044] loop: module loaded
[   21.461572] scsi host0: ata_piix
[   21.461627] scsi host1: ata_piix
[   21.461656] ata1: PATA max UDMA/33 cmd 0x1f0 ctl 0x3f6 bmdma 0xd000 irq 14
[   21.461656] ata2: PATA max UDMA/33 cmd 0x170 ctl 0x376 bmdma 0xd008 irq 15
[   21.461726] libphy: Fixed MDIO Bus: probed
[   21.461728] tun: Universal TUN/TAP device driver, 1.6
[   21.461728] tun: (C) 1999-2004 Max Krasnyansky <maxk@qualcomm.com>
[   21.462074] PPP generic driver version 2.4.2
[   21.462133] ehci_hcd: USB 2.0 'Enhanced' Host Controller (EHCI) Driver
[   21.462136] ehci-pci: EHCI PCI platform driver
[   21.462152] ehci-platform: EHCI generic platform driver
[   21.462160] ohci_hcd: USB 1.1 'Open' Host Controller (OHCI) Driver
[   21.462163] ohci-pci: OHCI PCI platform driver
[   21.462172] ohci-platform: OHCI generic platform driver
[   21.462178] uhci_hcd: USB Universal Host Controller Interface driver
[   21.462234] i8042: PNP: PS/2 Controller [PNP0303:PS2K,PNP0f03:PS2M] at 0x60,0x64 irq 1,12
[   21.462718] serio: i8042 KBD port at 0x60,0x64 irq 1
[   21.462722] serio: i8042 AUX port at 0x60,0x64 irq 12
[   21.462813] mousedev: PS/2 mouse device common for all mice
[   21.463084] input: AT Translated Set 2 keyboard as /devices/platform/i8042/serio0/input/input2
[   21.463416] rtc_cmos rtc_cmos: rtc core: registered rtc_cmos as rtc0
[   21.463475] rtc_cmos rtc_cmos: alarms up to one day, 114 bytes nvram
[   21.463480] i2c /dev entries driver
[   21.463532] device-mapper: uevent: version 1.0.3
[   21.463585] device-mapper: ioctl: 4.34.0-ioctl (2015-10-28) initialised: dm-devel@redhat.com
[   21.463603] ledtrig-cpu: registered to indicate activity on CPUs
[   21.463853] NET: Registeeed protocol family 10
[   21.464000] NET: Registered protocol family 17
[   21.464009] Key type dns_resolver registered
[   21.464137] microcode: CPU0 sig=0x306d4, pf=0x40, revision=0x0
[   21.466698] microcode: CPU1 sig=0x306d4, pf=0x40, revision=0x0
[   21.466730] microcode: Microcode Update Driver: v2.01 <tigran@aivazian.fsnet.co.uk>, Peter Oruba
[   21.466852] registered taskstats version 1
[   21.466864] Loading compiled-in X.509 certificates
[   21.467507] Loaded X.509 cert 'Build time autogenerated kernel key: 4c603087bab8f0a02cb3b4e1fb4c40f507e71ef1'
[   21.467524] zswap: loaded using pool lzo/zbud
[   21.469695] Key type trusted registered
[   21.472874] Key type encrypted registered
[   21.472882] AppArmor: AppArmor sha1 policy hashing enabled
[   21.472885] ima: No TPM chip found, activating TPM-bypass!
[   21.472906] evm: HMAC attrs: 0x1
[   21.473213]   Magic number: 2:15:238
[   21.474005] rtc_cmos rtc_cmos: setting system clock to 2018-01-29 16:13:01 UTC (1517242381)
[   21.474082] BIOS EDD facility v0.16 2004-Jun-25, 0 devices found
[   21.474082] EDD information not available.
[   23.127181] Freeing unused kernel memory: 1508K
[   23.893071] Write protecting the kernel read-only data: 14336k
[   23.900502] Freeing unused kernel memory: 1728K
[   23.901947] Freeing unused kernel memory: 108K
Loading, please wait...
starting version[   23.919570] random: systemd-udevd: uninitialized urandom read (16 bytes read, 7 bits of entropy available)
 229
[   23.919981] random: udevadm: uninitialized urandom read (16 bytes read, 7 bits of entropy available)
[   23.920005] random: udevadm: uninitialized urandom read (16 bytes read, 7 bits of entropy available)
[   23.931373] random: udevadm: uninitialized urandom read (16 bytes read, 7 bits of entropy available)
[   23.931429] random: udevadm: uninitialized urandom read (16 bytes read, 7 bits of entropy available)
[   23.931607] random: udevadm: uninitialized urandom read (16 bytes read, 7 bits of entropy available)
[   23.931678] random: udevadm: uninitialized urandom read (16 bytes read, 7 bits of entropy available)
[   23.931745] random: udevadm: uninitialized urandom read (16 bytes read, 7 bits of entropy available)
[   23.931815] random: udevadm: uninitialized urandom read (16 bytes read, 7 bits of entropy available)
[   23.931880] random: udevadm: uninitialized urandom read (16 bytes read, 7 bits of entropy available)
[   24.176886] e1000: Intel(R) PRO/1000 Network Driver - version 7.3.21-k8-NAPI
[   24.205979] e1000: Copyright (c) 1999-2006 Intel Corporation.
[   24.212237] Fusion MPT base driver 3.04.20
[   24.228511] Copyright (c) 1999-2008 LSI Corporation
[   24.235912] Fusion MPT SPI Host driver 3.04.20
[   24.277678] AVX2 version of gcm_enc/dec engaged.
[   24.286216] AES CTR mode by8 optimization enabled
[   24.435647] input: ImExPS/2 Generic Explorer Mouse as /devices/platform/i8042/serio1/input/input4
[   24.623929] e1000 0000:00:03.0 eth0: (PCI:33MHz:32-bit) 02:db:14:78:b4:e6
[   24.719045] e1000 0000:00:03.0 eth0: Intel(R) PRO/1000 Network Connection
[   24.796062] mptbase: ioc0: Initiating bringup
[   24.915365] ioc0: LSI53C1030 A0: Capabilities={Initiator}
[   25.090506] scsi host2: ioc0: LSI53C1030 A0, FwRev=00000000h, Ports=1, MaxQ=256, IRQ=20
[   25.290795] scsi 2:0:0:0: Direct-Access     VBOX     HARDDISK         1.0  PQ: 0 ANSI: 5
[   25.310199] scsi target2:0:0: Beginning Domain Validation
[   25.411475] scsi target2:0:0: Domain Validation skipping write tests
[   25.442654] scsi target2:0:0: Ending Domain Validation
[   25.460141] scsi target2:0:0: asynchronous
[   25.482094] scsi 2:0:1:0: Direct-Access     VBOX     HARDDISK         1.0  PQ: 0 ANSI: 5
[   25.536701] scsi target2:0:1: Beginning Domain Validation
[   25.539140] scsi target2:0:1: Domain Validation skipping write tests
[   25.546042] scsi target2:0:1: Ending Domain Validation
[   25.553860] scsi target2:0:1: asynchronous
[   25.562797] sd 2:0:0:0: Attached scsi generic sg0 type 0
[   25.566593] sd 2:0:0:0: [sda] 20971520 512-byte logical blocks: (10.7 GB/10.0 GiB)
[   25.569382] sd 2:0:1:0: [sdb] 20480 512-byte logical blocks: (10.5 MB/10.0 MiB)
[   25.614210] sd 2:0:0:0: [sda] Write Protect is off
[   25.615829] sd 2:0:1:0: Attached scsi generic sg1 type 0
[   25.617299] sd 2:0:0:0: [sda] Incomplete mode parameter data
[   25.618845] sd 2:0:0:0: [sda] Assuming drive cache: write through
[   25.660986] sd 2:0:1:0: [sdb] Write Protect is off
[   25.680840] sd 2:0:1:0: [sdb] Incomplete mode parameter data
[   25.682369] sd 2:0:1:0: [sdb] Assuming drive cache: write through
[   25.684574]  sda: sda1
[   25.698804] sd 2:0:1:0: [sdb] Attached SCSI disk
[   25.700193] sd 2:0:0:0: [sda] Attached SCSI disk
[   25.750120] e1000 0000:00:08.0 eth1: (PCI:33MHz:32-bit) 08:00:27:84:02:cb
[   25.826502] e1000 0000:00:08.0 eth1: Intel(R) PRO/1000 Network Connection
[   25.958932] e1000 0000:00:08.0 enp0s8: renamed from eth1
[   26.234415] e1000 0000:00:03.0 enp0s3: renamed from eth0
[   27.204602] floppy0: no floppy controllers found
Begin: Loading essential drivers[   28.650867] md: linear personality registered for level -1
 ... [   28.726893] md: multipath personality registered for level -4
[   28.789357] md: raid0 personality registered for level 0
[   28.859986] md: raid1 personality registered for level 1
[   29.042144] raid6: sse2x1   gen()  7299 MB/s
[   29.166009] raid6: sse2x1   xor()  5966 MB/s
[   29.278026] raid6: sse2x2   gen() 10052 MB/s
[   29.382178] raid6: sse2x2   xor()  4579 MB/s
[   29.486096] raid6: sse2x4   gen() 10332 MB/s
[   29.590104] raid6: sse2x4   xor()  8206 MB/s
[   29.706112] raid6: avx2x1   gen() 17319 MB/s
[   29.818485] raid6: avx2x2   gen() 17088 MB/s
[   29.946011] raid6: avx2x4   gen() 22822 MB/s
[   30.002459] raid6: using algorithm avx2x4 gen() 22822 MB/s
[   30.074935] raid6: using avx2x2 recovery algorithm
[   30.131903] xor: automatically using best checksumming function:
[   30.234015]    avx       : 23569.000 MB/sec
[   30.241841] async_tx: api initialized (async)
[   30.269893] md: raid6 personality registered for level 6
[   30.335583] md: raid5 personality registered for level 5
[   30.395813] md: raid4 personality registered for level 4
[   30.415457] md: raid10 personality registered for level 10
done.
Begin: Running /scripts/init-premount ... done.
Begin: Mounting root file system ... Begin: Running /scripts/local-top ... done.
Begin: Running /scripts/local-premount ..[   30.500414] Btrfs loaded
. Scanning for Btrfs filesystems
done.
Warning: fsck no[   30.541766] EXT4-fs (sda1): mounted filesystem with ordered data mode. Opts: (null)
t present, so skipping root file system
done.
Begin: Running /scripts/local-bottom ... done.
Begin: Running /scripts/init-bottom ... done.
[   0.48] stemd[1]: syte 2 rni in system mode. (+PAM +AUDIT +SELINUX +IMA +APPARMOR +SMACK +SYSVINIT +UTMP +LIBCRYPTSETUP +GCRYPT +GNUTLS +ACL +XZ -LZ4 +SECCOMP +BLKID +ELFUTILS +KMOD -IDN)
[   31.208936] systemd[1]: Detected virtualization oracle.
[   31.274652] systemd[1]: Detected architecture x86-64.

Welcome to [1mUbuntu 16.04.3 LTS[0m!

[ 31758] systemd[]: Set hona t <un>.
[   31.871091] systemd[1]: Initializing machine ID from random generator.
[   31.951057] systemd[1]: Installed transient /etc/machine-id file.
[   32.07778 rndom: nonbocng poolisniialized
  2.857]ysmd1] Ltengn VM2 etatdaonsoet.
[[0;32m  OK  [0m] Listening on LVM2 metadata daemon socket.
[ 33.251] std[: stin oud Krnl oct.
[[0;32m  OK  [0m] Listening on udev Kernel Socket.
[   34.150385] ysmd[1] Ltengonoualoct delo.
[[0;32m  OK  [0m] Listening on Journal Socket (/dev/log).
[  34823698 sstd[: t p autoount Arbitrary Executable File Formats File System Automount Point.
[[0;32m  OK  [0m] Set up automount Arbitrary Executab...ats File System Automount Point.
[   35.182301] systemd[1]: Listening on Device-mapper event daemon FIFOs.
[[0;32m  OK  [0m] Listening on Device-mapper event daemon FIFOs.
[   35.185386] systemd[1]: Reached target User and Group Name Lookups.
[[0;32m  OK  [0m] Reached target User and Group Name Lookups.
[ 35821]ysem1]Listenig  Jrn Sck.
[[0;32m  OK  [0m] Listening on Journal Socket.
[ 35.92092 sstd[1]: Raced trg Sap.
[[0;32m  OK  [0m] Reached target Swap.
[ 36.353] std[: stinonVMpol daemo ske
[[0;32m  OK  [0m] Listening on LVM2 poll daemon socket.
[   37.043869] ysemd[1] Rached target Ecrtted Volumes.
[[0;32m  OK  [0m] Reached target Encrypted Volumes.
[ 37141]ysmd]:StteTrgeresovconfupteoretrkDNS.
[[0;32m  OK  [0m] Started Trigger resolvconf update for networkd DNS.
[  38.2238 ste[1 Ltengn ysg ck.
[[0;32m  OK  [0m] Listening on Syslog Socket.
[   3.882 ste[1]: Cratd slceSytem Slice
[[0;32m  OK  [0m] Created slice System Slice.
[   39.654827] systemd[1]: Starting Monitoring of LVM2 mirrors, snapshots etc. using dmeventd or progress polling...
         Starting Monitoring of LVM2 mirrors... dmeventd or progress polling...
[   39.692181] systemd[1]: Starting Load Kernel Modules...
         Starting Load Ke[   39.760031] Loading iSCSI transport class v2.0-870.
rnel Modules...
[   39.818190] iscsi: registered transport (tcp)
[   39.862270] systemd[1]: Starting Uncomplicated firewall...
         Starting Uncompl[   39.888456] iscsi: registered transport (iser)
icated firewall...
[   39.963636] systemd[1]: Starting Create list of required static device nodes for the current kernel...
         Starting Create list of required st... nodes for the current kernel...
[   40.063402] systemd[1]: Starting Set console keymap...
         Starting Set console keymap...
[   40.167108] systemd[1]: Starting Nameserver information manager...
         Starting Nameserver information manager...
[   40.254244] systemd[1]: Mounting Debug File System...
         Mounting Debug File System...
[   40.342829] systemd[1]: Listening on Journal Audit Socket.
[[0;32m  OK  [0m] Listening on Journal Audit Socket.
[   40.410292] systemd[1]: Starting Journal Service...
         Starting Journal Service...
[   40.465841] systemd[1]: Mounting POSIX Message Queue File System...
         Mounting POSIX Message Queue File System...
[   40.514570] systemd[1]: Mounting Huge Pages File System...
         Mounting Huge Pages File System...
[   0.10] ystemd[1]: StteForward PasorReuests to WalDictory Watch.

[[0;32m  OK  [0m] Started Forward Password Requests to Wall Directory Watch.
[  4.26432] std[: Listening on /devintcl mpibitNad ipe.
[[0;32m  OK  [0m] Listening on /dev/initctl Compatibility Named Pipe.
[   41.978592] systemd[1]: Starting Remount Root and Kernel File Systems...
         [   42.057442] EXT4-fs (sda1): re-mounted. Opts: (null)
Starting Remount Root and Kernel File Systems...
[   42.149799] systemd[1]: Listening on udev Control Socket.
[[0;32m  OK  [0m] Listening on udev Control Socket.
[   42.185148] systemd[1]: Created slice User and Session Slice.
[[0;32m  OK  [0m] Created slice User and Session Slice.
[ 427416syem1]Rechd rg Sce
[[0;32m  OK  [0m] Reached target Slices.
[ 42.915939] ystemd[1] Ceated slice sstm-seria\xgety.sle.

[[0;32m  OK  [0m] Created slice system-serial\x2dgetty.slice.
[   43.404458] systemd[1]: Mounted POSIX Message Queue File System.
[[0;32m  OK  [0m] Mounted POSIX Message Queue File System.
[   43.502677] systemd[1]: Mounted Debug File System.
[[0;32m  OK  [0m] Mounted Debug File System.
[   43.585620] systemd[1]: Mund ge Pages Fil Ste.
[[0;32m  OK  [0m] Mounted Huge Pages File System.
[ 43308]system[1: Strtd urnal rve.
[[0;32m  OK  [0m] Started Journal Service.
[[0;32m  OK  [0m] Started Load Kernel Modules.
[[0;32m  OK  [0m] Started Uncomplicated firewall.
[[0;32m  OK  [0m] Started Create list of required sta...ce nodes for the current kernel.
[[0;32m  OK  [0m] Started Set console keymap.
[[0;32m  OK  [0m] Started Remount Root and Kernel File Systems.
[[0;32m  OK  [0m] Started Nameserver information manager.
[[0;32m  OK  [0m] Started LVM2 metadata daemon.
         Starting Initial cloud-init job (pre-networking)...
         Starting udev Coldplug all Devices...
         Starting Load/Save Random Seed...
         Starting Create Static Device Nodes in /dev...
         Mounting FUSE Control File System...
         Starting Apply Kernel Variables...
         Starting Flush Journal to Persistent Storage...
[[0;32m  OK  [0m] Mounted FUSE Control File System.
[[0;32m  OK  [0m] Started Monitoring of LVM2 mirrors,...ng dmeventd or progress polling.
[[0;32m  OK  [0m] Started Load/Save Random Seed.
[[0;32m  OK  [0m] Started Create Static Device Nodes in /dev.
[[0;32m  OK  [0m] Started Apply Kernel Variables.
[[0;32m  OK  [0m] Started udev Coldplug all Devices.
[[0;32m  OK  [0m] Started Flush Journal to Persistent Storage.
         Starting udev Kernel Device Manager...
[[0;32m  OK  [0m] Started udev Kernel Device Manager.
[[0;32m  OK  [0m] Started Dispatch Password Requests to Console Directory Watch.
[[0;32m  OK  [0m] Reached target Local File Systems (Pre).
[[0;32m  OK  [0m] Reached target Local File Systems.
         Starting Create Volatile Files and Directories...
         Starting LSB: AppArmor initialization...
         Starting Tell Plymouth To Write Out Runtime Data...
         Starting Commit a transient machine-id on disk...
         Starting Set console font and keymap...
[[0;32m  OK  [0m] Started Create Volatile Files and Directories.
[[0;32m  OK  [0m] Started Tell Plymouth To Write Out Runtime Data.
[[0;32m  OK  [0m] Started Commit a transient machine-id on disk.
[[0;32m  OK  [0m] Found device /dev/ttyS0.
         Starting Update UTMP about System Boot/Shutdown...
[[0;32m  OK  [0m] Reached target System Time Synchronized.
[[0;32m  OK  [0m] Started Update UTMP about System Boot/Shutdown.
[   30.567892] cloud-init[444]: Cloud-init v. 17.1 running 'init-local' at Mon, 29 Jan 2018 16:13:25 +0000. Up 30.07 seconds.
[[0;32m  OK  [0m] Started Initial cloud-init job (pre-networking).
[[0;32m  OK  [0m] Reached target Network (Pre).
[[0;32m  OK  [0m] Listening on Load/Save RF Kill Switch Status /dev/rfkill Watch.
[[0;32m  OK  [0m] Started LSB: AppArmor initialization.
         Starting Raise network interfaces...
[[0;32m  OK  [0m] Started Set console font and keymap.
[[0;32m  OK  [0m] Created slice system-getty.slice.
[[0;32m  OK  [0m] Started Raise network interfaces.
[[0;32m  OK  [0m] Reached target Network.
         Starting Initial cloud-init job (metadata service crawler)...
[   34.754096] cloud-init[965]: Cloud-init v. 17.1 running 'init' at Mon, 29 Jan 2018 16:13:29 +0000. Up 33.84 seconds.
[   34.805560] cloud-init[965]: ci-info: ++++++++++++++++++++++++++++++++++++++Net device info++++++++++++++++++++++++++++++++++++++
[   34.868660] cloud-init[965]: ci-info: +--------+-------+----------------------------+---------------+-------+-------------------+
[   34.869293] cloud-init[965]: ci-info: | Device |   Up  |          Address           |      Mask     | Scope |     Hw-Address    |
[[0;32m  OK  [0m] Started Initial cloud-init job (metadata service crawler).
[   34.869913] cloud-init[965]: ci-info: +--------+-------+----------------------------+---------------+-------+-------------------+
[   34.988720] cloud-init[965]: ci-info: | enp0s3 |  True |         10.0.2.15          | 255.255.255.0 |   .   | 02:db:14:78:b4:e6 |
[   35.012517] cloud-init[965]: ci-info: | enp0s3 |  True | fe80::db:14ff:fe78:b4e6/64 |       .       |  link | 02:db:14:78:b4:e6 |
[   35.013436] cloud-init[965]: ci-info: | enp0s8 | False |             .              |       .       |   .   | 08:00:27:84:02:cb |
[[0;32m  OK  [0m] Reached target System Initialization.
[   35.014371] cloud-init[965]: ci-info: |   lo   |  True |         127.0.0.1          |   255.0.0.0   |   .   |         .         |
[   35.014488] cloud-init[965]: ci-info: |   lo   |  True |          ::1/128           |       .       |  host |         .         |
[   35.083735] cloud-init[965]: ci-info: +--------+-------+----------------------------+---------------+-------+-------------------+
[   35.097075] cloud-init[965]: ci-info: +++++++++++++++++++++++++++Route IPv4 info++++++++++++++++++++++++++++
[   35.097698] cloud-init[965]: ci-info: +-------+-------------+----------+---------------+-----------+-------+
[   35.098679] cloud-init[965]: ci-info: | Route | Destination | Gateway  |    Genmask    | Interface | Flags |
[   35.099439] cloud-init[965]: ci-info: +-------+-------------+----------+---------------+-----------+-------+
[   35.100576] cloud-init[965]: ci-info: |   0   |   0.0.0.0   | 10.0.2.2 |    0.0.0.0    |   enp0s3  |   UG  |
[   35.101800] cloud-init[965]: ci-info: |   1   |   10.0.2.0  | 0.0.0.0  | 255.255.255.0 |   enp0s3  |   U   |
[   35.102756] cloud-init[965]: ci-info: +-------+-------------+----------+---------------+-----------+-------+
[   35.102892] cloud-init[965]: Generating public/private rsa key pair.
[[0;32m  OK  [0m] Started ACPI Events Check.
[   35.103017] cloud-init[965]: Your identification has been saved in /etc/ssh/ssh_host_rsa_key.
[   35.254020] cloud-init[965]: Your public key has been saved in /etc/ssh/ssh_host_rsa_key.pub.
[   35.254402] cloud-init[965]: The key fingerprint is:
[[0;32m  OK  [0m] Reached target Paths.
[[   35.255893] cloud-init[965]: SHA256:jDipV1BN63FbSWYfYZ4JoKNBL79o8/KCg9URBouzTpY root@ubuntu-xenial
[   35.313507] cloud-init[965]: The key's randomart image is:
[0;32m  OK  [0m] Listening on D-Bus System Message Bus Socket.
[   35.313674] cloud-init[965]: +---[RSA 2048]----+
[   35.405912] cloud-init[965]: |    ..oo. ..= +. |
[[0;32m  OK  [0m] Listening on UUID daemon activation socket.
[   35.406099] cloud-init[965]: |   . +o..o + * + |
[   35.497184] cloud-init[965]: |  o o.o.* . o =  |
[[0;32m  OK  [0m] Started Daily Cleanup of Temporary Directories.
[   35.497620]          Starting LXD - unix socket.
[[0;32m  OK  [0m] Started Timer to automatically refresh installed snaps.
[[0;32m  OK  [0m] Listening on ACPID Listen Socket.
cloud-init[965]: |   + +.O + o     |
[   35.620001] cloud-init[965]: |  E +.+.S .      |
[   35.644459] cloud-init[965]: | + ..o.. .       |
[   35.647262] cloud-init[965]: |  oo..+ .        |
[   35.676751] cloud-init[965]: |  ..o.oo         |
         Starting Socket activation for snappy daemon.
[[0;32m  OK  [0m] Reached target Cloud-config availability.
[   35.747846] cloud-init[965]: |     . +o        |
[   36.240541] cloud-init[965]: +----[SHA256]-----+
[[0;32m  OK  [0m] Reached target Network is Online.
[[0;32m  OK  [0m] Started Daily apt download activities.
[   36.308171] cloud-init[965]: Generating public/private dsa key pair.
[   36.524476] cloud-init[965]: Your identification has been saved in /etc/ssh/ssh_host_dsa_key.
[[0;32m  OK  [0m] Started Daily apt upgrade and clean activities.
[   36.527194] cloud-init[965]: Your public key has been saved in /etc/ssh/ssh_host_dsa_key.pub.
[   36.552470] cloud-init[965]: The key fingerprint is:
[   36.552540] cloud-init[965]: SHA256:q3oWp/jUX5WBt4ZYUYKhtPHqWXBIazRNjuxgk/O4gSw root@ubuntu-xenial
[   36.552613] cloud-init[965]: The key's randomart image is:
[   36.552673] cloud-init[965]: +---[DSA 1024]----+
[   36.552735] cloud-init[965]: |        *oooo..  |
[   36.552793] cloud-init[965]: |       * @o  +   |
[   36.552852] cloud-init[965]: |      * X + o o  |
[   36.552910] cloud-init[965]: |   . o O + o o + |
[   36.552969] cloud-init[965]: |  E o o S o . =  |
[   36.553030] cloud-init[965]: |   .  .=.+   o   |
[   36.553089] cloud-init[965]: |     .o+=   .    |
[   36.553146] cloud-init[965]: |    ..+. . .     |
[   36.553209] cloud-init[965]: |    .=o   .      |
[   36.553266] cloud-init[965]: +----[SHA256]-----+
[   36.553324] cloud-init[965]: Generating public/private ecdsa key pair.
[   36.553381] cloud-init[965]: Your identification has been saved in /etc/ssh/ssh_host_ecdsa_key.
[   36.553437] cloud-init[965]: Your public key has been saved in /etc/ssh/ssh_host_ecdsa_key.pub.
[   36.553495] cloud-init[965]: The key fingerprint is:
[   36.553550] cloud-init[965]: SHA256:izGRZWss2L/t3mZVFNLLBEsF6IvuiZr4RonCreZK8v0 root@ubuntu-xenial
[   36.553606] cloud-init[965]: The key's randomart image is:
[   36.553685] cloud-init[965]: +---[ECDSA 256]---+
[   36.553745] cloud-init[965]: |        o   .==o.|
[   36.553802] cloud-init[965]: |     o = . .. oo.|
[   36.553858] cloud-init[965]: |    . = + .  .o..|
[   36.553919] cloud-init[965]: |       =   .   o.|
[   36.553977] cloud-init[965]: |. . . + S . .  . |
[   36.554034] cloud-init[965]: | o o o + = .  .  |
[   36.554091] cloud-init[965]: |..o . . + .  .   |
[   36.554147] cloud-init[965]: |o+ .... .o..o    |
[   36.554204] cloud-init[965]: |=...+=E..+oo.    |
[   36.554262] cloud-init[965]: +----[SHA256]-----+
[   36.554317] cloud-init[965]: Generating public/private ed25519 key pair.
[   36.554374] cloud-init[965]: Your identification has been saved in /etc/ssh/ssh_host_ed25519_key.
[   36.554432] cloud-init[965]: Your public key has been saved in /etc/ssh/ssh_host_ed25519_key.pub.
[   36.554489] cloud-init[965]: The key fingerprint is:
[   36.554546] cloud-init[965]: SHA256:e9i69pS3poOxfZoFns2aMejHRJqHtLvfIG391GvkqHQ root@ubuntu-xenial
[   36.554607] cloud-init[965]: The key's randomart image is:
[   36.554663] cloud-init[965]: +--[ED25519 256]--+
[   36.554722] cloud-init[965]: |                 |
[   36.554779] cloud-init[965]: |                 |
[   36.554835] cloud-init[965]: |                 |
[   36.554891] cloud-init[965]: |        . .      |
[   36.554969] cloud-init[965]: |       .S*.      |
[   36.555030] cloud-init[965]: |        *BoB   o |
[   36.555086] cloud-init[965]: |        =X&.*E= .|
[   36.555142] cloud-init[965]: |       .=**@+= o.|
[   36.555200] cloud-init[965]: |       .=*OB+ o. |
[   36.555256] cloud-init[965]: +----[SHA256]-----+
[[0;32m  OK  [0m] Reached target Timers.
         Starting iSCSI initiator daemon (iscsid)...
[[0;32m  OK  [0m] Listening on LXD - unix socket.
[[0;32m  OK  [0m] Listening on Socket activation for snappy daemon.
[[0;32m  OK  [0m] Started iSCSI initiator daemon (iscsid).
         Starting Login to default iSCSI targets...
[[0;32m  OK  [0m] Reached target Sockets.
[[0;32m  OK  [0m] Reached target Basic System.
[[0;32m  OK  [0m] Started D-Bus System Message Bus.
[[0;32m  OK  [0m] Started FUSE filesystem for LXC.
[[0;32m  OK  [0m] Started Deferred execution scheduler.
         Starting LSB: MD monitoring daemon...
         Starting Accounts Service...
         Starting Login Service...
         Starting LXD - container startup/shutdown...
         Starting Apply the settings specified in cloud-config...
         Starting System Logging Service...
         Starting Pollinate to seed the pseudo random number generator...
[[0;32m  OK  [0m] Started Regular background program processing daemon.
         Starting /etc/rc.local Compatibility...
[[0;32m  OK  [0m] Started Unattended Upgrades Shutdown.
[[0;32m  OK  [0m] Started ACPI event daemon.
         Starting Snappy daemon...
         Starting LSB: Record successful boot for GRUB...
[[0;32m  OK  [0m] Started System Logging Service.
[[0;32m  OK  [0m] Started LXD - container startup/shutdown.
[[0;32m  OK  [0m] Started /etc/rc.local Compatibility.
[[0;32m  OK  [0m] Started Login to default iSCSI targets.
[[0;32m  OK  [0m] Started LSB: MD monitoring daemon.
[[0;32m  OK  [0m] Started Snappy daemon.
         Starting Authenticate and Authorize Users to Run Privileged Tasks...
[[0;32m  OK  [0m] Reached target Remote File Systems (Pre).
[[0;32m  OK  [0m] Reached target Remote File Systems.
         Starting LSB: Set the CPU Frequency Scaling governor to "ondemand"...
         Starting Permit User Sessions...
         Starting LSB: automatic crash report generation...
         Starting LSB: daemon to balance interrupts for SMP systems...
         Starting LSB: VirtualBox Linux Additions...
[[0;32m  OK  [0m] Started Pollinate to seed the pseudo random number generator.
[[0;32m  OK  [0m] Started LSB: Record successful boot for GRUB.
[[0;32m  OK  [0m] Started Permit User Sessions.
[[0;32m  OK  [0m] Started Login Service.
[[0;32m  OK  [0m] Started Authenticate and Authorize Users to Run Privileged Tasks.
[[0;32m  OK  [0m] Started Accounts Service.
[[0;32m  OK  [0m] Started LSB: Set the CPU Frequency Scaling governor to "ondemand".
[[0;32m  OK  [0m] Started LSB: automatic crash report generation.
         Starting Hold until boot process finishes up...
         Starting Terminate Plymouth Boot Screen...
         Starting OpenBSD Secure Shell server...
[[0;32m  OK  [0m] Started LSB: daemon to balance interrupts for SMP systems.
[[0;32m  OK  [0m] Started LSB: VirtualBox Linux Additions.
[[0;32m  OK  [0m] Started Hold until boot process finishes up.
[[0;32m  OK  [0m] Started Terminate Plymouth Boot Screen.
[[0;32m  OK  [0m] Started OpenBSD Secure Shell server.
         Starting Set console scheme...
[[0;32m  OK  [0m] Started Serial Getty on ttyS0.
[   40.054639] cloud-init[1093]: Generating locales (this might take a while)...
[[0;32m  OK  [0m] Started Getty on tty1.
[[0;32m  OK  [0m] Reached target Login Prompts.
[[0;32m  OK  [0m] Reached target Multi-User System.
[[0;32m  OK  [0m] Reached target Graphical Interface.
         Starting Update UTMP about System Runlevel Changes...
[[0;32m  OK  [0m] Started Set console scheme.
[[0;32m  OK  [0m] Started Update UTMP about System Runlevel Changes.
[[0;32m  OK  [0m] Created slice User Slice of vagrant.
         Starting User Manager for UID 1000...
[[0;32m  OK  [0m] Started Session 1 of user vagrant.
[[0;32m  OK  [0m] Started User Manager for UID 1000.
[   40.861193] cloud-init[1093]:   en_US.UTF-8... done
[   40.872049] cloud-init[1093]: Generation complete.
[   41.418474] cloud-init[1093]: Cloud-init v. 17.1 running 'modules:config' at Mon, 29 Jan 2018 16:13:35 +0000. Up 39.78 seconds.
[[0;32m  OK  [0m] Started Apply the settings specified in cloud-config.
         Starting Execute cloud user/final scripts...
ci-info: no authorized ssh keys fingerprints found for user ubuntu.
<14>Jan 29 16:13:37 ec2: 
<14>Jan 29 16:13:37 ec2: #############################################################
<14>Jan 29 16:13:37 ec2: -----BEGIN SSH HOST KEY FINGERPRINTS-----
<14>Jan 29 16:13:37 ec2: 1024 SHA256:q3oWp/jUX5WBt4ZYUYKhtPHqWXBIazRNjuxgk/O4gSw root@ubuntu-xenial (DSA)
<14>Jan 29 16:13:37 ec2: 256 SHA256:izGRZWss2L/t3mZVFNLLBEsF6IvuiZr4RonCreZK8v0 root@ubuntu-xenial (ECDSA)
<14>Jan 29 16:13:37 ec2: 256 SHA256:e9i69pS3poOxfZoFns2aMejHRJqHtLvfIG391GvkqHQ root@ubuntu-xenial (ED25519)
<14>Jan 29 16:13:37 ec2: 2048 SHA256:jDipV1BN63FbSWYfYZ4JoKNBL79o8/KCg9URBouzTpY root@ubuntu-xenial (RSA)
<14>Jan 29 16:13:37 ec2: -----END SSH HOST KEY FINGERPRINTS-----
<14>Jan 29 16:13:37 ec2: #############################################################
-----BEGIN SSH HOST KEY KEYS-----
ecdsa-sha2-nistp256 AAAAE2VjZHNhLXNoYTItbmlzdHAyNTYAAAAIbmlzdHAyNTYAAABBBDyKcKnhbpI24XW5iZfEaJGL1NQzyHggBOGnYVd8JARGcOSUg4Ssyzm20EYfjLClqOmCBc6y5NaR8cuZzGXA3No= root@ubuntu-xenial
ssh-ed25519 AAAAC3NzaC1lZDI1NTE5AAAAIDK19o5C79QN8uToO8r40q6vqwagqKaw0TO1o9NLZcAj root@ubuntu-xenial
ssh-rsa AAAAB3NzaC1yc2EAAAADAQABAAABAQC9ygJp640NNNCqQUpokn6+FsqZmc1RWT7W0XiYuTLLUMUPdNDuxHgSin/FA9rTvmqvdQpP/Fzv3iPXdlLul+YTqRQysjuHOC8KokP7hg01Z2DPdzq2L+tLoeviLhpMSYJzelRP9Ht1Zunea0U/y2mu9KgKxjOBRXBxMY2nZdhv92WM9NWOj2suTtSiGrEoah6rmd8WwDwbbfT4Lcp823yjsrGZ4T6/5nvWGN9JzZ2NOEqlpjIkknIlsJi/tmKxPevXPq2leovvMB6kDCiAnqN/ZDIxyXIvdUf8GSLRY0ZaA6Mc6JTqc1ooj5RpoieAds846jpRWCejdOwXa3dHmpCJ root@ubuntu-xenial
-----END SSH HOST KEY KEYS-----
[   42.412892] cloud-init[1412]: Cloud-init v. 17.1 running 'modules:final' at Mon, 29 Jan 2018 16:13:37 +0000. Up 41.92 seconds.
[   42.453023] cloud-init[1412]: ci-info: no authorized ssh keys fingerprints found for user ubuntu.
[   42.480842] cloud-init[1412]: Cloud-init v. 17.1 finished at Mon, 29 Jan 2018 16:13:37 +0000. Datasource DataSourceNoCloud [seed=/dev/sdb][dsmode=net].  Up 42.39 seconds
[[0;32m  OK  [0m] Started Execute cloud user/final scripts.
[[0;32m  OK  [0m] Reached target Cloud-init target.

Ubuntu 16.04.3 LTS ubuntu-xenial ttyS0

ubuntu-xenial login: 